Using pre-set license
Built from '2021.3/staging' branch; Version is '2021.3.8f1 (b30333d56e81) revision 11731763'; Using compiler version '192829333'; Build Type 'Release'
OS: 'Windows 10  (10.0.19045) 64bit Core' Language: 'ko' Physical Memory: 16322 MB
BatchMode: 1, IsHumanControllingUs: 0, StartBugReporterOnCrash: 0, Is64bit: 1, IsPro: 1

COMMAND LINE ARGUMENTS:
C:\Program Files\Unity\Hub\Editor\2021.3.8f1\Editor\Unity.exe
-adb2
-batchMode
-noUpm
-name
AssetImportWorker0
-projectPath
C:/Users/98psw/Desktop/캡스톤/Mini-Party
-logFile
Logs/AssetImportWorker0.log
-srvPort
62831
Successfully changed project path to: C:/Users/98psw/Desktop/캡스톤/Mini-Party
C:/Users/98psw/Desktop/캡스톤/Mini-Party
[UnityMemory] Configuration Parameters - Can be set up in boot.config
    "memorysetup-bucket-allocator-granularity=16"
    "memorysetup-bucket-allocator-bucket-count=8"
    "memorysetup-bucket-allocator-block-size=33554432"
    "memorysetup-bucket-allocator-block-count=8"
    "memorysetup-main-allocator-block-size=16777216"
    "memorysetup-thread-allocator-block-size=16777216"
    "memorysetup-gfx-main-allocator-block-size=16777216"
    "memorysetup-gfx-thread-allocator-block-size=16777216"
    "memorysetup-cache-allocator-block-size=4194304"
    "memorysetup-typetree-allocator-block-size=2097152"
    "memorysetup-profiler-bucket-allocator-granularity=16"
    "memorysetup-profiler-bucket-allocator-bucket-count=8"
    "memorysetup-profiler-bucket-allocator-block-size=33554432"
    "memorysetup-profiler-bucket-allocator-block-count=8"
    "memorysetup-profiler-allocator-block-size=16777216"
    "memorysetup-profiler-editor-allocator-block-size=1048576"
    "memorysetup-temp-allocator-size-main=16777216"
    "memorysetup-job-temp-allocator-block-size=2097152"
    "memorysetup-job-temp-allocator-block-size-background=1048576"
    "memorysetup-job-temp-allocator-reduction-small-platforms=262144"
    "memorysetup-temp-allocator-size-background-worker=32768"
    "memorysetup-temp-allocator-size-job-worker=262144"
    "memorysetup-temp-allocator-size-preload-manager=33554432"
    "memorysetup-temp-allocator-size-nav-mesh-worker=65536"
    "memorysetup-temp-allocator-size-audio-worker=65536"
    "memorysetup-temp-allocator-size-cloud-worker=32768"
    "memorysetup-temp-allocator-size-gi-baking-worker=262144"
    "memorysetup-temp-allocator-size-gfx=262144"
Refreshing native plugins compatible for Editor in 116.63 ms, found 3 plugins.
Preloading 0 native plugins for Editor in 0.00 ms.
Initialize engine version: 2021.3.8f1 (b30333d56e81)
[Subsystems] Discovering subsystems at path C:/Program Files/Unity/Hub/Editor/2021.3.8f1/Editor/Data/Resources/UnitySubsystems
[Subsystems] Discovering subsystems at path C:/Users/98psw/Desktop/캡스톤/Mini-Party/Assets
GfxDevice: creating device client; threaded=0; jobified=0
Direct3D:
    Version:  Direct3D 11.0 [level 11.1]
    Renderer: NVIDIA GeForce RTX 2060 SUPER (ID=0x1f06)
    Vendor:   NVIDIA
    VRAM:     8031 MB
    Driver:   31.0.15.1694
Initialize mono
Mono path[0] = 'C:/Program Files/Unity/Hub/Editor/2021.3.8f1/Editor/Data/Managed'
Mono path[1] = 'C:/Program Files/Unity/Hub/Editor/2021.3.8f1/Editor/Data/MonoBleedingEdge/lib/mono/unityjit-win32'
Mono config path = 'C:/Program Files/Unity/Hub/Editor/2021.3.8f1/Editor/Data/MonoBleedingEdge/etc'
Using monoOptions --debugger-agent=transport=dt_socket,embedding=1,server=y,suspend=n,address=127.0.0.1:56664
Begin MonoManager ReloadAssembly
Registering precompiled unity dll's ...
Register platform support module: C:/Program Files/Unity/Hub/Editor/2021.3.8f1/Editor/Data/PlaybackEngines/WindowsStandaloneSupport/UnityEditor.WindowsStandalone.Extensions.dll
Registered in 0.020538 seconds.
Native extension for WindowsStandalone target not found
Refreshing native plugins compatible for Editor in 109.98 ms, found 3 plugins.
Preloading 0 native plugins for Editor in 0.00 ms.
Mono: successfully reloaded assembly
- Completed reload, in  0.932 seconds
Domain Reload Profiling:
	ReloadAssembly (932ms)
		BeginReloadAssembly (118ms)
			ExecutionOrderSort (0ms)
			DisableScriptedObjects (0ms)
			BackupInstance (0ms)
			ReleaseScriptingObjects (0ms)
			CreateAndSetChildDomain (1ms)
		EndReloadAssembly (547ms)
			LoadAssemblies (113ms)
			RebuildTransferFunctionScriptingTraits (0ms)
			SetupTypeCache (139ms)
			ReleaseScriptCaches (0ms)
			RebuildScriptCaches (30ms)
			SetupLoadedEditorAssemblies (309ms)
				LogAssemblyErrors (0ms)
				InitializePlatformSupportModulesInManaged (12ms)
				SetLoadedEditorAssemblies (0ms)
				RefreshPlugins (110ms)
				BeforeProcessingInitializeOnLoad (1ms)
				ProcessInitializeOnLoadAttributes (124ms)
				ProcessInitializeOnLoadMethodAttributes (61ms)
				AfterProcessingInitializeOnLoad (0ms)
				EditorAssembliesLoaded (0ms)
			ExecutionOrderSort2 (0ms)
			AwakeInstancesAfterBackupRestoration (0ms)
Platform modules already initialized, skipping
Registering precompiled user dll's ...
Registered in 0.020679 seconds.
Begin MonoManager ReloadAssembly
Symbol file LoadedFromMemory doesn't match image C:\Users\98psw\Desktop\캡스톤\Mini-Party\Library\PackageCache\com.unity.visualscripting@1.7.8\Editor\VisualScripting.Core\Dependencies\YamlDotNet\Unity.VisualScripting.YamlDotNet.dll
Symbol file LoadedFromMemory doesn't match image C:\Users\98psw\Desktop\캡스톤\Mini-Party\Library\PackageCache\com.unity.visualscripting@1.7.8\Editor\VisualScripting.Core\Dependencies\DotNetZip\Unity.VisualScripting.IonicZip.dll
Native extension for WindowsStandalone target not found
Refreshing native plugins compatible for Editor in 0.79 ms, found 3 plugins.
Preloading 0 native plugins for Editor in 0.00 ms.
Mono: successfully reloaded assembly
- Completed reload, in  1.559 seconds
Domain Reload Profiling:
	ReloadAssembly (1560ms)
		BeginReloadAssembly (168ms)
			ExecutionOrderSort (0ms)
			DisableScriptedObjects (6ms)
			BackupInstance (0ms)
			ReleaseScriptingObjects (0ms)
			CreateAndSetChildDomain (20ms)
		EndReloadAssembly (1225ms)
			LoadAssemblies (157ms)
			RebuildTransferFunctionScriptingTraits (0ms)
			SetupTypeCache (306ms)
			ReleaseScriptCaches (1ms)
			RebuildScriptCaches (73ms)
			SetupLoadedEditorAssemblies (639ms)
				LogAssemblyErrors (0ms)
				InitializePlatformSupportModulesInManaged (10ms)
				SetLoadedEditorAssemblies (0ms)
				RefreshPlugins (1ms)
				BeforeProcessingInitializeOnLoad (149ms)
				ProcessInitializeOnLoadAttributes (392ms)
				ProcessInitializeOnLoadMethodAttributes (49ms)
				AfterProcessingInitializeOnLoad (39ms)
				EditorAssembliesLoaded (0ms)
			ExecutionOrderSort2 (0ms)
			AwakeInstancesAfterBackupRestoration (27ms)
Platform modules already initialized, skipping
========================================================================
Worker process is ready to serve import requests
Launched and connected shader compiler UnityShaderCompiler.exe after 0.07 seconds
Refreshing native plugins compatible for Editor in 0.93 ms, found 3 plugins.
Preloading 0 native plugins for Editor in 0.00 ms.
Unloading 3889 Unused Serialized files (Serialized files now loaded: 0)
Unloading 50 unused Assets / (182.4 KB). Loaded Objects now: 4362.
Memory consumption went from 141.9 MB to 141.7 MB.
Total: 3.044300 ms (FindLiveObjects: 0.321100 ms CreateObjectMapping: 0.395100 ms MarkObjects: 2.204200 ms  DeleteObjects: 0.123000 ms)

AssetImportParameters requested are different than current active one (requested -> active):
  custom:video-decoder-ogg-theora: a1e56fd34408186e4bbccfd4996cb3dc -> 
  custom:container-muxer-webm: aa71ff27fc2769a1b78a27578f13a17b -> 
  custom:container-demuxer-webm: 4f35f7cbe854078d1ac9338744f61a02 -> 
  custom:video-encoder-webm-vp8: eb34c28f22e8b96e1ab97ce403110664 -> 
  custom:audio-encoder-webm-vorbis: bf7c407c2cedff20999df2af8eb42d56 -> 
  custom:framework-win-MediaFoundation: 216162199b28c13a410421893ffa2e32 -> 
  custom:container-demuxer-ogg: 62fdf1f143b41e24485cea50d1cbac27 -> 
  custom:video-decoder-webm-vp8: 9c59270c3fd7afecdb556c50c9e8de78 -> 
  custom:audio-decoder-ogg-vorbis: bf7c407c2cedff20999df2af8eb42d56 -> 
========================================================================
Received Import Request.
  Time since last request: 51527.275528 seconds.
  path: Assets/Resources/Player.prefab
  artifactKey: Guid(3afc48b5114e3ef439b735e821320488) Importer(815301076,1909f56bfc062723c751e8b465ee728b)
Start importing Assets/Resources/Player.prefab using Guid(3afc48b5114e3ef439b735e821320488) Importer(815301076,1909f56bfc062723c751e8b465ee728b)  -> (artifact id: 'c3d213382ce4f158058e0f78545ba2ff') in 0.584035 seconds 
========================================================================
Received Import Request.
  Time since last request: 4.892086 seconds.
  path: Assets/Resources/USER_Prefabs/Bonus_Arkanoid_Prefab/Ball.prefab
  artifactKey: Guid(bc4b8808c10043943b967bec5a78fc7e) Importer(815301076,1909f56bfc062723c751e8b465ee728b)
Start importing Assets/Resources/USER_Prefabs/Bonus_Arkanoid_Prefab/Ball.prefab using Guid(bc4b8808c10043943b967bec5a78fc7e) Importer(815301076,1909f56bfc062723c751e8b465ee728b)  -> (artifact id: '227c4006da571c64cd44bb5242db879c') in 0.035571 seconds 
========================================================================
Received Import Request.
  Time since last request: 0.000023 seconds.
  path: Assets/Resources/USER_Prefabs/Bonus_Arkanoid_Prefab/BLOCK_GREEN.prefab
  artifactKey: Guid(7a46f65fb63b64041b1a402dfcbf26a9) Importer(815301076,1909f56bfc062723c751e8b465ee728b)
Start importing Assets/Resources/USER_Prefabs/Bonus_Arkanoid_Prefab/BLOCK_GREEN.prefab using Guid(7a46f65fb63b64041b1a402dfcbf26a9) Importer(815301076,1909f56bfc062723c751e8b465ee728b)  -> (artifact id: '44a47a344f4a857290d8ab565a6572c8') in 0.041654 seconds 
========================================================================
Received Import Request.
  Time since last request: 0.000018 seconds.
  path: Assets/Resources/USER_Prefabs/Bonus_Arkanoid_Prefab/Tile_Acc_StonePlatesV1.prefab
  artifactKey: Guid(4d21126c2a90252478b34a87dfa285b9) Importer(815301076,1909f56bfc062723c751e8b465ee728b)
Start importing Assets/Resources/USER_Prefabs/Bonus_Arkanoid_Prefab/Tile_Acc_StonePlatesV1.prefab using Guid(4d21126c2a90252478b34a87dfa285b9) Importer(815301076,1909f56bfc062723c751e8b465ee728b)  -> (artifact id: '44c4b03a012d0b1200b776a44073ee84') in 0.032304 seconds 
========================================================================
Received Import Request.
  Time since last request: 0.000022 seconds.
  path: Assets/Resources/USER_Prefabs/Bonus_Arkanoid_Prefab/Block_DirtV1.prefab
  artifactKey: Guid(345b4eb90121b06469cd3de2d5a284a0) Importer(815301076,1909f56bfc062723c751e8b465ee728b)
Start importing Assets/Resources/USER_Prefabs/Bonus_Arkanoid_Prefab/Block_DirtV1.prefab using Guid(345b4eb90121b06469cd3de2d5a284a0) Importer(815301076,1909f56bfc062723c751e8b465ee728b)  -> (artifact id: 'e1f167b5531eaa3b3a5c3bd9f983c563') in 0.023534 seconds 
========================================================================
Received Import Request.
  Time since last request: 0.000022 seconds.
  path: Assets/Resources/USER_Prefabs/Bonus_Arkanoid_Prefab/BLOCK_GRAY.prefab
  artifactKey: Guid(38a4d88f60bef2544acda6c83904117b) Importer(815301076,1909f56bfc062723c751e8b465ee728b)
Start importing Assets/Resources/USER_Prefabs/Bonus_Arkanoid_Prefab/BLOCK_GRAY.prefab using Guid(38a4d88f60bef2544acda6c83904117b) Importer(815301076,1909f56bfc062723c751e8b465ee728b)  -> (artifact id: '36c78aa8c337e9d296cc95e52a323f4a') in 0.021958 seconds 
========================================================================
Received Import Request.
  Time since last request: 0.000020 seconds.
  path: Assets/Resources/USER_Prefabs/Bonus_Arkanoid_Prefab/BLOCK_PINK.prefab
  artifactKey: Guid(69902d7db24ac894cb562a4344ee5ae0) Importer(815301076,1909f56bfc062723c751e8b465ee728b)
Start importing Assets/Resources/USER_Prefabs/Bonus_Arkanoid_Prefab/BLOCK_PINK.prefab using Guid(69902d7db24ac894cb562a4344ee5ae0) Importer(815301076,1909f56bfc062723c751e8b465ee728b)  -> (artifact id: 'de5e82c8627aea381881eac24e93fb5b') in 0.022113 seconds 
========================================================================
Received Import Request.
  Time since last request: 0.000024 seconds.
  path: Assets/Resources/USER_Prefabs/Bonus_Arkanoid_Prefab/Tile_Acc_PlanksV1.prefab
  artifactKey: Guid(91926a45e0d0dc54ea99f38a9c693b22) Importer(815301076,1909f56bfc062723c751e8b465ee728b)
Start importing Assets/Resources/USER_Prefabs/Bonus_Arkanoid_Prefab/Tile_Acc_PlanksV1.prefab using Guid(91926a45e0d0dc54ea99f38a9c693b22) Importer(815301076,1909f56bfc062723c751e8b465ee728b)  -> (artifact id: '362ebb1f35a9ce9c2f06326c7f92a71e') in 0.025484 seconds 
========================================================================
Received Import Request.
  Time since last request: 0.000085 seconds.
  path: Assets/Resources/USER_Prefabs/Bonus_Arkanoid_Prefab/BLOCK_YELLOW.prefab
  artifactKey: Guid(21ce3ac14fa52344cba53fcb4d3ba654) Importer(815301076,1909f56bfc062723c751e8b465ee728b)
Start importing Assets/Resources/USER_Prefabs/Bonus_Arkanoid_Prefab/BLOCK_YELLOW.prefab using Guid(21ce3ac14fa52344cba53fcb4d3ba654) Importer(815301076,1909f56bfc062723c751e8b465ee728b)  -> (artifact id: '4b47383ebd0d1143b761fcc049b76b71') in 0.022230 seconds 
========================================================================
Received Import Request.
  Time since last request: 0.000020 seconds.
  path: Assets/Resources/USER_Prefabs/Bonus_Arkanoid_Prefab/Paddle (1).prefab
  artifactKey: Guid(857b178870752ee4cba3ff917ae7e51c) Importer(815301076,1909f56bfc062723c751e8b465ee728b)
Start importing Assets/Resources/USER_Prefabs/Bonus_Arkanoid_Prefab/Paddle (1).prefab using Guid(857b178870752ee4cba3ff917ae7e51c) Importer(815301076,1909f56bfc062723c751e8b465ee728b)  -> (artifact id: 'fbf0fb018d858d55354c6369cfef768c') in 0.022473 seconds 
========================================================================
Received Import Request.
  Time since last request: 0.000022 seconds.
  path: Assets/Resources/USER_Prefabs/Bonus_Arkanoid_Prefab/BLOCK_RED.prefab
  artifactKey: Guid(523cc2fa454e7a746ae8b9f95347780c) Importer(815301076,1909f56bfc062723c751e8b465ee728b)
Start importing Assets/Resources/USER_Prefabs/Bonus_Arkanoid_Prefab/BLOCK_RED.prefab using Guid(523cc2fa454e7a746ae8b9f95347780c) Importer(815301076,1909f56bfc062723c751e8b465ee728b)  -> (artifact id: '2cf0424538cb8ffa82b8370b63264b94') in 0.020384 seconds 
========================================================================
Received Import Request.
  Time since last request: 0.000178 seconds.
  path: Assets/Resources/USER_Prefabs/Bonus_Arkanoid_Prefab/Tile_WaterV1.prefab
  artifactKey: Guid(ebe891e4eae167b4295a63805b1cc816) Importer(815301076,1909f56bfc062723c751e8b465ee728b)
Start importing Assets/Resources/USER_Prefabs/Bonus_Arkanoid_Prefab/Tile_WaterV1.prefab using Guid(ebe891e4eae167b4295a63805b1cc816) Importer(815301076,1909f56bfc062723c751e8b465ee728b)  -> (artifact id: '042fc23c5dcd46e743dfa4d89b1c454a') in 0.027724 seconds 
========================================================================
Received Import Request.
  Time since last request: 0.000034 seconds.
  path: Assets/Resources/USER_Prefabs/Bonus_Arkanoid_Prefab/Tile_TreeV1.prefab
  artifactKey: Guid(428578ea82c152e47a620dfbd084d3ea) Importer(815301076,1909f56bfc062723c751e8b465ee728b)
Start importing Assets/Resources/USER_Prefabs/Bonus_Arkanoid_Prefab/Tile_TreeV1.prefab using Guid(428578ea82c152e47a620dfbd084d3ea) Importer(815301076,1909f56bfc062723c751e8b465ee728b)  -> (artifact id: 'd58723b7aa72b80648301fd77b519917') in 0.022385 seconds 
========================================================================
Received Import Request.
  Time since last request: 0.000023 seconds.
  path: Assets/Resources/USER_Prefabs/Bonus_Arkanoid_Prefab/BLOCK_BLUE.prefab
  artifactKey: Guid(fe14dbc580bb49046a5ede93d3fd3880) Importer(815301076,1909f56bfc062723c751e8b465ee728b)
Start importing Assets/Resources/USER_Prefabs/Bonus_Arkanoid_Prefab/BLOCK_BLUE.prefab using Guid(fe14dbc580bb49046a5ede93d3fd3880) Importer(815301076,1909f56bfc062723c751e8b465ee728b)  -> (artifact id: '2a9f638ecfb3112eaa0b9f3a7c914863') in 0.020879 seconds 
========================================================================
Received Import Request.
  Time since last request: 0.000055 seconds.
  path: Assets/Resources/USER_Prefabs/Bonus_Arkanoid_Prefab/Block_WaterV1.prefab
  artifactKey: Guid(c41b35eca8095ae4682f72b93c32686a) Importer(815301076,1909f56bfc062723c751e8b465ee728b)
Start importing Assets/Resources/USER_Prefabs/Bonus_Arkanoid_Prefab/Block_WaterV1.prefab using Guid(c41b35eca8095ae4682f72b93c32686a) Importer(815301076,1909f56bfc062723c751e8b465ee728b)  -> (artifact id: '8191cf2388a58090fef6427a56534d85') in 0.026940 seconds 
========================================================================
Received Import Request.
  Time since last request: 0.000023 seconds.
  path: Assets/Resources/USER_Prefabs/Bonus_Arkanoid_Prefab/Tile_StoneV1.prefab
  artifactKey: Guid(214810fd776b4ad48b546807443be0ee) Importer(815301076,1909f56bfc062723c751e8b465ee728b)
Start importing Assets/Resources/USER_Prefabs/Bonus_Arkanoid_Prefab/Tile_StoneV1.prefab using Guid(214810fd776b4ad48b546807443be0ee) Importer(815301076,1909f56bfc062723c751e8b465ee728b)  -> (artifact id: '04129181d914852d723098e3c74125fc') in 0.021679 seconds 
========================================================================
Received Import Request.
  Time since last request: 300.028781 seconds.
  path: Assets/Resources/MapMaker_Bonus_Arkanoid_Data/Materials/gray.mat
  artifactKey: Guid(88e78c72bf14d4c40a5a9add40c62dd0) Importer(815301076,1909f56bfc062723c751e8b465ee728b)
Start importing Assets/Resources/MapMaker_Bonus_Arkanoid_Data/Materials/gray.mat using Guid(88e78c72bf14d4c40a5a9add40c62dd0) Importer(815301076,1909f56bfc062723c751e8b465ee728b)  -> (artifact id: 'e3e610a39a4215610a49424bf0306974') in 0.061419 seconds 
========================================================================
Received Import Request.
  Time since last request: 0.000031 seconds.
  path: Assets/Resources/MapMaker_Bonus_Arkanoid_Data/Materials/No Name.mat
  artifactKey: Guid(65698f21b26440f4abb1bc24f626ad5a) Importer(815301076,1909f56bfc062723c751e8b465ee728b)
Start importing Assets/Resources/MapMaker_Bonus_Arkanoid_Data/Materials/No Name.mat using Guid(65698f21b26440f4abb1bc24f626ad5a) Importer(815301076,1909f56bfc062723c751e8b465ee728b)  -> (artifact id: '0526f70d3457fc78dccf3f3541b009a0') in 0.020334 seconds 
========================================================================
Received Import Request.
  Time since last request: 0.000031 seconds.
  path: Assets/Resources/MapMaker_Bonus_Arkanoid_Data/Materials/Yellow.mat
  artifactKey: Guid(a95acf55f8ccfaf4592eb318c9d29a7f) Importer(815301076,1909f56bfc062723c751e8b465ee728b)
Start importing Assets/Resources/MapMaker_Bonus_Arkanoid_Data/Materials/Yellow.mat using Guid(a95acf55f8ccfaf4592eb318c9d29a7f) Importer(815301076,1909f56bfc062723c751e8b465ee728b)  -> (artifact id: '9cf846652ada4b5014f4bfcadb3c707a') in 0.097918 seconds 
========================================================================
Received Import Request.
  Time since last request: 0.000028 seconds.
  path: Assets/Resources/MapMaker_Bonus_Arkanoid_Data/Materials/Magenta 2.mat
  artifactKey: Guid(bebcd0a6db0e27f4c9de47ea41bc4090) Importer(815301076,1909f56bfc062723c751e8b465ee728b)
Start importing Assets/Resources/MapMaker_Bonus_Arkanoid_Data/Materials/Magenta 2.mat using Guid(bebcd0a6db0e27f4c9de47ea41bc4090) Importer(815301076,1909f56bfc062723c751e8b465ee728b)  -> (artifact id: '62b362f301de9349a04600ccee6422fe') in 0.088912 seconds 
========================================================================
Received Import Request.
  Time since last request: 0.000952 seconds.
  path: Assets/Resources/MapMaker_Bonus_Arkanoid_Data/Materials/Mat.mat
  artifactKey: Guid(e79dd908f7e07cb4f99eb68d353ff744) Importer(815301076,1909f56bfc062723c751e8b465ee728b)
Start importing Assets/Resources/MapMaker_Bonus_Arkanoid_Data/Materials/Mat.mat using Guid(e79dd908f7e07cb4f99eb68d353ff744) Importer(815301076,1909f56bfc062723c751e8b465ee728b)  -> (artifact id: 'a953a6a322916eb3dcbcbe026e4565a2') in 0.053564 seconds 
========================================================================
Received Import Request.
  Time since last request: 0.000031 seconds.
  path: Assets/Resources/MapMaker_Bonus_Arkanoid_Data/Materials/green.mat
  artifactKey: Guid(3e42c4b8260a7ed44a7d1581807b3091) Importer(815301076,1909f56bfc062723c751e8b465ee728b)
Start importing Assets/Resources/MapMaker_Bonus_Arkanoid_Data/Materials/green.mat using Guid(3e42c4b8260a7ed44a7d1581807b3091) Importer(815301076,1909f56bfc062723c751e8b465ee728b)  -> (artifact id: '605ddc94df5427a09934edc8250aa607') in 0.026764 seconds 
========================================================================
Received Import Request.
  Time since last request: 0.000030 seconds.
  path: Assets/Resources/MapMaker_Bonus_Arkanoid_Data/Materials/Mat.1.mat
  artifactKey: Guid(7869e8194b1404f49bc79967939a0ad5) Importer(815301076,1909f56bfc062723c751e8b465ee728b)
Start importing Assets/Resources/MapMaker_Bonus_Arkanoid_Data/Materials/Mat.1.mat using Guid(7869e8194b1404f49bc79967939a0ad5) Importer(815301076,1909f56bfc062723c751e8b465ee728b)  -> (artifact id: '819f840c50d0a7d112093f02681b7cfb') in 0.024223 seconds 
========================================================================
Received Import Request.
  Time since last request: 0.000024 seconds.
  path: Assets/Resources/MapMaker_Bonus_Arkanoid_Data/Materials/Magenta.mat
  artifactKey: Guid(49bea9fb18e3f2347854c353e310f584) Importer(815301076,1909f56bfc062723c751e8b465ee728b)
Start importing Assets/Resources/MapMaker_Bonus_Arkanoid_Data/Materials/Magenta.mat using Guid(49bea9fb18e3f2347854c353e310f584) Importer(815301076,1909f56bfc062723c751e8b465ee728b)  -> (artifact id: 'a974e5283911e13007d14ccf6bf6220b') in 0.020828 seconds 
========================================================================
Received Import Request.
  Time since last request: 0.000022 seconds.
  path: Assets/Resources/MapMaker_Bonus_Arkanoid_Data/Materials/Pink.mat
  artifactKey: Guid(4bc1d215ba8e3fa4cbafbd71c5eb1ec8) Importer(815301076,1909f56bfc062723c751e8b465ee728b)
Start importing Assets/Resources/MapMaker_Bonus_Arkanoid_Data/Materials/Pink.mat using Guid(4bc1d215ba8e3fa4cbafbd71c5eb1ec8) Importer(815301076,1909f56bfc062723c751e8b465ee728b)  -> (artifact id: '0ef3e332e0ff39f951bd85a469411451') in 0.025018 seconds 
========================================================================
Received Import Request.
  Time since last request: 0.000029 seconds.
  path: Assets/Resources/MapMaker_Bonus_Arkanoid_Data/Materials/Orange.mat
  artifactKey: Guid(0e63a9190ceb135489c1064c01d21156) Importer(815301076,1909f56bfc062723c751e8b465ee728b)
Start importing Assets/Resources/MapMaker_Bonus_Arkanoid_Data/Materials/Orange.mat using Guid(0e63a9190ceb135489c1064c01d21156) Importer(815301076,1909f56bfc062723c751e8b465ee728b)  -> (artifact id: '729e66a24eb0fba289d1d604dc9992c9') in 0.031820 seconds 
========================================================================
Received Import Request.
  Time since last request: 0.991185 seconds.
  path: Assets/Resources/MapMaker_Bonus_Arkanoid_Data/fbx/Paddle.fbx
  artifactKey: Guid(927132728fbff20448f3af7278580724) Importer(815301076,1909f56bfc062723c751e8b465ee728b)
Start importing Assets/Resources/MapMaker_Bonus_Arkanoid_Data/fbx/Paddle.fbx using Guid(927132728fbff20448f3af7278580724) Importer(815301076,1909f56bfc062723c751e8b465ee728b)  -> (artifact id: 'cb53a536fac07c9d3fb5e53ec7efd904') in 0.090055 seconds 
========================================================================
Received Import Request.
  Time since last request: 7.562257 seconds.
  path: Assets/Resources/MapMakerV1/PreFabs/tile 1.prefab
  artifactKey: Guid(fce30303ca63df24684d65b40ebd5a51) Importer(815301076,1909f56bfc062723c751e8b465ee728b)
Start importing Assets/Resources/MapMakerV1/PreFabs/tile 1.prefab using Guid(fce30303ca63df24684d65b40ebd5a51) Importer(815301076,1909f56bfc062723c751e8b465ee728b)  -> (artifact id: 'e54d76404658ff498cf5a94c4fcdec19') in 0.019107 seconds 
========================================================================
Received Import Request.
  Time since last request: 2.473058 seconds.
  path: Assets/Resources/MapMakerV1/Materials/start.mat
  artifactKey: Guid(69d4104d26ed77d4eb8562a404c9d4b8) Importer(815301076,1909f56bfc062723c751e8b465ee728b)
Start importing Assets/Resources/MapMakerV1/Materials/start.mat using Guid(69d4104d26ed77d4eb8562a404c9d4b8) Importer(815301076,1909f56bfc062723c751e8b465ee728b)  -> (artifact id: '8aa24261116905bf8044697ce2b63946') in 0.028253 seconds 
========================================================================
Received Prepare
Registering precompiled user dll's ...
Registered in 0.019788 seconds.
Begin MonoManager ReloadAssembly
Symbol file LoadedFromMemory doesn't match image C:\Users\98psw\Desktop\캡스톤\Mini-Party\Library\PackageCache\com.unity.visualscripting@1.7.8\Editor\VisualScripting.Core\Dependencies\YamlDotNet\Unity.VisualScripting.YamlDotNet.dll
Symbol file LoadedFromMemory doesn't match image C:\Users\98psw\Desktop\캡스톤\Mini-Party\Library\PackageCache\com.unity.visualscripting@1.7.8\Editor\VisualScripting.Core\Dependencies\DotNetZip\Unity.VisualScripting.IonicZip.dll
Native extension for WindowsStandalone target not found
Refreshing native plugins compatible for Editor in 0.98 ms, found 3 plugins.
Preloading 0 native plugins for Editor in 0.00 ms.
Mono: successfully reloaded assembly
- Completed reload, in  1.485 seconds
Domain Reload Profiling:
	ReloadAssembly (1486ms)
		BeginReloadAssembly (212ms)
			ExecutionOrderSort (0ms)
			DisableScriptedObjects (7ms)
			BackupInstance (0ms)
			ReleaseScriptingObjects (0ms)
			CreateAndSetChildDomain (45ms)
		EndReloadAssembly (1124ms)
			LoadAssemblies (179ms)
			RebuildTransferFunctionScriptingTraits (0ms)
			SetupTypeCache (309ms)
			ReleaseScriptCaches (1ms)
			RebuildScriptCaches (50ms)
			SetupLoadedEditorAssemblies (538ms)
				LogAssemblyErrors (0ms)
				InitializePlatformSupportModulesInManaged (22ms)
				SetLoadedEditorAssemblies (1ms)
				RefreshPlugins (1ms)
				BeforeProcessingInitializeOnLoad (173ms)
				ProcessInitializeOnLoadAttributes (277ms)
				ProcessInitializeOnLoadMethodAttributes (40ms)
				AfterProcessingInitializeOnLoad (25ms)
				EditorAssembliesLoaded (0ms)
			ExecutionOrderSort2 (0ms)
			AwakeInstancesAfterBackupRestoration (17ms)
Platform modules already initialized, skipping
Refreshing native plugins compatible for Editor in 4.71 ms, found 3 plugins.
Preloading 0 native plugins for Editor in 0.00 ms.
Unloading 3869 Unused Serialized files (Serialized files now loaded: 0)
Unloading 26 unused Assets / (150.3 KB). Loaded Objects now: 4425.
Memory consumption went from 157.7 MB to 157.6 MB.
Total: 3.745100 ms (FindLiveObjects: 0.638900 ms CreateObjectMapping: 0.246100 ms MarkObjects: 2.755900 ms  DeleteObjects: 0.103100 ms)

AssetImportParameters requested are different than current active one (requested -> active):
  custom:video-decoder-ogg-theora: a1e56fd34408186e4bbccfd4996cb3dc -> 
  custom:container-muxer-webm: aa71ff27fc2769a1b78a27578f13a17b -> 
  custom:container-demuxer-webm: 4f35f7cbe854078d1ac9338744f61a02 -> 
  custom:video-encoder-webm-vp8: eb34c28f22e8b96e1ab97ce403110664 -> 
  custom:audio-encoder-webm-vorbis: bf7c407c2cedff20999df2af8eb42d56 -> 
  custom:framework-win-MediaFoundation: 216162199b28c13a410421893ffa2e32 -> 
  custom:container-demuxer-ogg: 62fdf1f143b41e24485cea50d1cbac27 -> 
  custom:video-decoder-webm-vp8: 9c59270c3fd7afecdb556c50c9e8de78 -> 
  custom:audio-decoder-ogg-vorbis: bf7c407c2cedff20999df2af8eb42d56 -> 
========================================================================
Received Prepare
Registering precompiled user dll's ...
Registered in 0.018744 seconds.
Begin MonoManager ReloadAssembly
Symbol file LoadedFromMemory doesn't match image C:\Users\98psw\Desktop\캡스톤\Mini-Party\Library\PackageCache\com.unity.visualscripting@1.7.8\Editor\VisualScripting.Core\Dependencies\YamlDotNet\Unity.VisualScripting.YamlDotNet.dll
Symbol file LoadedFromMemory doesn't match image C:\Users\98psw\Desktop\캡스톤\Mini-Party\Library\PackageCache\com.unity.visualscripting@1.7.8\Editor\VisualScripting.Core\Dependencies\DotNetZip\Unity.VisualScripting.IonicZip.dll
Native extension for WindowsStandalone target not found
Refreshing native plugins compatible for Editor in 0.91 ms, found 3 plugins.
Preloading 0 native plugins for Editor in 0.00 ms.
Mono: successfully reloaded assembly
- Completed reload, in  1.427 seconds
Domain Reload Profiling:
	ReloadAssembly (1428ms)
		BeginReloadAssembly (209ms)
			ExecutionOrderSort (0ms)
			DisableScriptedObjects (7ms)
			BackupInstance (0ms)
			ReleaseScriptingObjects (0ms)
			CreateAndSetChildDomain (42ms)
		EndReloadAssembly (1073ms)
			LoadAssemblies (190ms)
			RebuildTransferFunctionScriptingTraits (0ms)
			SetupTypeCache (318ms)
			ReleaseScriptCaches (1ms)
			RebuildScriptCaches (55ms)
			SetupLoadedEditorAssemblies (483ms)
				LogAssemblyErrors (0ms)
				InitializePlatformSupportModulesInManaged (19ms)
				SetLoadedEditorAssemblies (1ms)
				RefreshPlugins (1ms)
				BeforeProcessingInitializeOnLoad (127ms)
				ProcessInitializeOnLoadAttributes (267ms)
				ProcessInitializeOnLoadMethodAttributes (41ms)
				AfterProcessingInitializeOnLoad (27ms)
				EditorAssembliesLoaded (0ms)
			ExecutionOrderSort2 (0ms)
			AwakeInstancesAfterBackupRestoration (19ms)
Platform modules already initialized, skipping
Refreshing native plugins compatible for Editor in 4.03 ms, found 3 plugins.
Preloading 0 native plugins for Editor in 0.00 ms.
Unloading 3869 Unused Serialized files (Serialized files now loaded: 0)
Unloading 26 unused Assets / (150.3 KB). Loaded Objects now: 4441.
Memory consumption went from 157.8 MB to 157.6 MB.
Total: 3.297000 ms (FindLiveObjects: 0.298800 ms CreateObjectMapping: 0.207700 ms MarkObjects: 2.636300 ms  DeleteObjects: 0.152900 ms)

AssetImportParameters requested are different than current active one (requested -> active):
  custom:video-decoder-ogg-theora: a1e56fd34408186e4bbccfd4996cb3dc -> 
  custom:container-muxer-webm: aa71ff27fc2769a1b78a27578f13a17b -> 
  custom:container-demuxer-webm: 4f35f7cbe854078d1ac9338744f61a02 -> 
  custom:video-encoder-webm-vp8: eb34c28f22e8b96e1ab97ce403110664 -> 
  custom:audio-encoder-webm-vorbis: bf7c407c2cedff20999df2af8eb42d56 -> 
  custom:framework-win-MediaFoundation: 216162199b28c13a410421893ffa2e32 -> 
  custom:container-demuxer-ogg: 62fdf1f143b41e24485cea50d1cbac27 -> 
  custom:video-decoder-webm-vp8: 9c59270c3fd7afecdb556c50c9e8de78 -> 
  custom:audio-decoder-ogg-vorbis: bf7c407c2cedff20999df2af8eb42d56 -> 
========================================================================
Received Prepare
Registering precompiled user dll's ...
Registered in 0.019685 seconds.
Begin MonoManager ReloadAssembly
Symbol file LoadedFromMemory doesn't match image C:\Users\98psw\Desktop\캡스톤\Mini-Party\Library\PackageCache\com.unity.visualscripting@1.7.8\Editor\VisualScripting.Core\Dependencies\YamlDotNet\Unity.VisualScripting.YamlDotNet.dll
Symbol file LoadedFromMemory doesn't match image C:\Users\98psw\Desktop\캡스톤\Mini-Party\Library\PackageCache\com.unity.visualscripting@1.7.8\Editor\VisualScripting.Core\Dependencies\DotNetZip\Unity.VisualScripting.IonicZip.dll
Native extension for WindowsStandalone target not found
Refreshing native plugins compatible for Editor in 1.42 ms, found 3 plugins.
Preloading 0 native plugins for Editor in 0.00 ms.
Mono: successfully reloaded assembly
- Completed reload, in  1.786 seconds
Domain Reload Profiling:
	ReloadAssembly (1787ms)
		BeginReloadAssembly (236ms)
			ExecutionOrderSort (0ms)
			DisableScriptedObjects (7ms)
			BackupInstance (0ms)
			ReleaseScriptingObjects (0ms)
			CreateAndSetChildDomain (47ms)
		EndReloadAssembly (1370ms)
			LoadAssemblies (198ms)
			RebuildTransferFunctionScriptingTraits (0ms)
			SetupTypeCache (482ms)
			ReleaseScriptCaches (2ms)
			RebuildScriptCaches (60ms)
			SetupLoadedEditorAssemblies (607ms)
				LogAssemblyErrors (0ms)
				InitializePlatformSupportModulesInManaged (32ms)
				SetLoadedEditorAssemblies (1ms)
				RefreshPlugins (2ms)
				BeforeProcessingInitializeOnLoad (177ms)
				ProcessInitializeOnLoadAttributes (318ms)
				ProcessInitializeOnLoadMethodAttributes (50ms)
				AfterProcessingInitializeOnLoad (28ms)
				EditorAssembliesLoaded (0ms)
			ExecutionOrderSort2 (0ms)
			AwakeInstancesAfterBackupRestoration (20ms)
Platform modules already initialized, skipping
Refreshing native plugins compatible for Editor in 4.42 ms, found 3 plugins.
Preloading 0 native plugins for Editor in 0.00 ms.
Unloading 3869 Unused Serialized files (Serialized files now loaded: 0)
Unloading 26 unused Assets / (150.3 KB). Loaded Objects now: 4457.
Memory consumption went from 157.8 MB to 157.6 MB.
Total: 3.705800 ms (FindLiveObjects: 0.574200 ms CreateObjectMapping: 0.229000 ms MarkObjects: 2.785200 ms  DeleteObjects: 0.116500 ms)

AssetImportParameters requested are different than current active one (requested -> active):
  custom:video-decoder-ogg-theora: a1e56fd34408186e4bbccfd4996cb3dc -> 
  custom:container-muxer-webm: aa71ff27fc2769a1b78a27578f13a17b -> 
  custom:container-demuxer-webm: 4f35f7cbe854078d1ac9338744f61a02 -> 
  custom:video-encoder-webm-vp8: eb34c28f22e8b96e1ab97ce403110664 -> 
  custom:audio-encoder-webm-vorbis: bf7c407c2cedff20999df2af8eb42d56 -> 
  custom:framework-win-MediaFoundation: 216162199b28c13a410421893ffa2e32 -> 
  custom:container-demuxer-ogg: 62fdf1f143b41e24485cea50d1cbac27 -> 
  custom:video-decoder-webm-vp8: 9c59270c3fd7afecdb556c50c9e8de78 -> 
  custom:audio-decoder-ogg-vorbis: bf7c407c2cedff20999df2af8eb42d56 -> 
========================================================================
Received Prepare
Registering precompiled user dll's ...
Registered in 0.021396 seconds.
Begin MonoManager ReloadAssembly
Symbol file LoadedFromMemory doesn't match image C:\Users\98psw\Desktop\캡스톤\Mini-Party\Library\PackageCache\com.unity.visualscripting@1.7.8\Editor\VisualScripting.Core\Dependencies\YamlDotNet\Unity.VisualScripting.YamlDotNet.dll
Symbol file LoadedFromMemory doesn't match image C:\Users\98psw\Desktop\캡스톤\Mini-Party\Library\PackageCache\com.unity.visualscripting@1.7.8\Editor\VisualScripting.Core\Dependencies\DotNetZip\Unity.VisualScripting.IonicZip.dll
Native extension for WindowsStandalone target not found
Refreshing native plugins compatible for Editor in 1.24 ms, found 3 plugins.
Preloading 0 native plugins for Editor in 0.00 ms.
Mono: successfully reloaded assembly
- Completed reload, in  1.453 seconds
Domain Reload Profiling:
	ReloadAssembly (1454ms)
		BeginReloadAssembly (227ms)
			ExecutionOrderSort (0ms)
			DisableScriptedObjects (8ms)
			BackupInstance (0ms)
			ReleaseScriptingObjects (0ms)
			CreateAndSetChildDomain (41ms)
		EndReloadAssembly (1067ms)
			LoadAssemblies (201ms)
			RebuildTransferFunctionScriptingTraits (0ms)
			SetupTypeCache (325ms)
			ReleaseScriptCaches (1ms)
			RebuildScriptCaches (55ms)
			SetupLoadedEditorAssemblies (471ms)
				LogAssemblyErrors (0ms)
				InitializePlatformSupportModulesInManaged (19ms)
				SetLoadedEditorAssemblies (1ms)
				RefreshPlugins (1ms)
				BeforeProcessingInitializeOnLoad (121ms)
				ProcessInitializeOnLoadAttributes (259ms)
				ProcessInitializeOnLoadMethodAttributes (44ms)
				AfterProcessingInitializeOnLoad (26ms)
				EditorAssembliesLoaded (0ms)
			ExecutionOrderSort2 (0ms)
			AwakeInstancesAfterBackupRestoration (20ms)
Platform modules already initialized, skipping
Refreshing native plugins compatible for Editor in 4.86 ms, found 3 plugins.
Preloading 0 native plugins for Editor in 0.00 ms.
Unloading 3869 Unused Serialized files (Serialized files now loaded: 0)
Unloading 26 unused Assets / (150.4 KB). Loaded Objects now: 4473.
Memory consumption went from 157.8 MB to 157.7 MB.
Total: 7.184500 ms (FindLiveObjects: 0.336500 ms CreateObjectMapping: 0.608400 ms MarkObjects: 6.043700 ms  DeleteObjects: 0.194600 ms)

AssetImportParameters requested are different than current active one (requested -> active):
  custom:video-decoder-ogg-theora: a1e56fd34408186e4bbccfd4996cb3dc -> 
  custom:container-muxer-webm: aa71ff27fc2769a1b78a27578f13a17b -> 
  custom:container-demuxer-webm: 4f35f7cbe854078d1ac9338744f61a02 -> 
  custom:video-encoder-webm-vp8: eb34c28f22e8b96e1ab97ce403110664 -> 
  custom:audio-encoder-webm-vorbis: bf7c407c2cedff20999df2af8eb42d56 -> 
  custom:framework-win-MediaFoundation: 216162199b28c13a410421893ffa2e32 -> 
  custom:container-demuxer-ogg: 62fdf1f143b41e24485cea50d1cbac27 -> 
  custom:video-decoder-webm-vp8: 9c59270c3fd7afecdb556c50c9e8de78 -> 
  custom:audio-decoder-ogg-vorbis: bf7c407c2cedff20999df2af8eb42d56 -> 
========================================================================
Received Prepare
Registering precompiled user dll's ...
Registered in 0.020908 seconds.
Begin MonoManager ReloadAssembly
Symbol file LoadedFromMemory doesn't match image C:\Users\98psw\Desktop\캡스톤\Mini-Party\Library\PackageCache\com.unity.visualscripting@1.7.8\Editor\VisualScripting.Core\Dependencies\YamlDotNet\Unity.VisualScripting.YamlDotNet.dll
Symbol file LoadedFromMemory doesn't match image C:\Users\98psw\Desktop\캡스톤\Mini-Party\Library\PackageCache\com.unity.visualscripting@1.7.8\Editor\VisualScripting.Core\Dependencies\DotNetZip\Unity.VisualScripting.IonicZip.dll
Native extension for WindowsStandalone target not found
Refreshing native plugins compatible for Editor in 0.85 ms, found 3 plugins.
Preloading 0 native plugins for Editor in 0.00 ms.
Mono: successfully reloaded assembly
- Completed reload, in  1.406 seconds
Domain Reload Profiling:
	ReloadAssembly (1407ms)
		BeginReloadAssembly (214ms)
			ExecutionOrderSort (0ms)
			DisableScriptedObjects (6ms)
			BackupInstance (0ms)
			ReleaseScriptingObjects (0ms)
			CreateAndSetChildDomain (41ms)
		EndReloadAssembly (1029ms)
			LoadAssemblies (183ms)
			RebuildTransferFunctionScriptingTraits (0ms)
			SetupTypeCache (297ms)
			ReleaseScriptCaches (2ms)
			RebuildScriptCaches (53ms)
			SetupLoadedEditorAssemblies (473ms)
				LogAssemblyErrors (0ms)
				InitializePlatformSupportModulesInManaged (18ms)
				SetLoadedEditorAssemblies (1ms)
				RefreshPlugins (1ms)
				BeforeProcessingInitializeOnLoad (121ms)
				ProcessInitializeOnLoadAttributes (261ms)
				ProcessInitializeOnLoadMethodAttributes (46ms)
				AfterProcessingInitializeOnLoad (25ms)
				EditorAssembliesLoaded (0ms)
			ExecutionOrderSort2 (0ms)
			AwakeInstancesAfterBackupRestoration (17ms)
Platform modules already initialized, skipping
Refreshing native plugins compatible for Editor in 3.84 ms, found 3 plugins.
Preloading 0 native plugins for Editor in 0.00 ms.
Unloading 3869 Unused Serialized files (Serialized files now loaded: 0)
Unloading 26 unused Assets / (150.3 KB). Loaded Objects now: 4489.
Memory consumption went from 157.8 MB to 157.7 MB.
Total: 3.611300 ms (FindLiveObjects: 0.332200 ms CreateObjectMapping: 0.209100 ms MarkObjects: 2.939100 ms  DeleteObjects: 0.129500 ms)

AssetImportParameters requested are different than current active one (requested -> active):
  custom:video-decoder-ogg-theora: a1e56fd34408186e4bbccfd4996cb3dc -> 
  custom:container-muxer-webm: aa71ff27fc2769a1b78a27578f13a17b -> 
  custom:container-demuxer-webm: 4f35f7cbe854078d1ac9338744f61a02 -> 
  custom:video-encoder-webm-vp8: eb34c28f22e8b96e1ab97ce403110664 -> 
  custom:audio-encoder-webm-vorbis: bf7c407c2cedff20999df2af8eb42d56 -> 
  custom:framework-win-MediaFoundation: 216162199b28c13a410421893ffa2e32 -> 
  custom:container-demuxer-ogg: 62fdf1f143b41e24485cea50d1cbac27 -> 
  custom:video-decoder-webm-vp8: 9c59270c3fd7afecdb556c50c9e8de78 -> 
  custom:audio-decoder-ogg-vorbis: bf7c407c2cedff20999df2af8eb42d56 -> 
========================================================================
Received Prepare
Registering precompiled user dll's ...
Registered in 0.019995 seconds.
Begin MonoManager ReloadAssembly
Symbol file LoadedFromMemory doesn't match image C:\Users\98psw\Desktop\캡스톤\Mini-Party\Library\PackageCache\com.unity.visualscripting@1.7.8\Editor\VisualScripting.Core\Dependencies\YamlDotNet\Unity.VisualScripting.YamlDotNet.dll
Symbol file LoadedFromMemory doesn't match image C:\Users\98psw\Desktop\캡스톤\Mini-Party\Library\PackageCache\com.unity.visualscripting@1.7.8\Editor\VisualScripting.Core\Dependencies\DotNetZip\Unity.VisualScripting.IonicZip.dll
Native extension for WindowsStandalone target not found
Refreshing native plugins compatible for Editor in 0.91 ms, found 3 plugins.
Preloading 0 native plugins for Editor in 0.00 ms.
Mono: successfully reloaded assembly
- Completed reload, in  1.667 seconds
Domain Reload Profiling:
	ReloadAssembly (1668ms)
		BeginReloadAssembly (236ms)
			ExecutionOrderSort (0ms)
			DisableScriptedObjects (8ms)
			BackupInstance (0ms)
			ReleaseScriptingObjects (0ms)
			CreateAndSetChildDomain (45ms)
		EndReloadAssembly (1279ms)
			LoadAssemblies (217ms)
			RebuildTransferFunctionScriptingTraits (0ms)
			SetupTypeCache (460ms)
			ReleaseScriptCaches (2ms)
			RebuildScriptCaches (58ms)
			SetupLoadedEditorAssemblies (504ms)
				LogAssemblyErrors (0ms)
				InitializePlatformSupportModulesInManaged (20ms)
				SetLoadedEditorAssemblies (1ms)
				RefreshPlugins (1ms)
				BeforeProcessingInitializeOnLoad (127ms)
				ProcessInitializeOnLoadAttributes (279ms)
				ProcessInitializeOnLoadMethodAttributes (45ms)
				AfterProcessingInitializeOnLoad (30ms)
				EditorAssembliesLoaded (0ms)
			ExecutionOrderSort2 (0ms)
			AwakeInstancesAfterBackupRestoration (19ms)
Platform modules already initialized, skipping
Refreshing native plugins compatible for Editor in 4.49 ms, found 3 plugins.
Preloading 0 native plugins for Editor in 0.00 ms.
Unloading 3869 Unused Serialized files (Serialized files now loaded: 0)
Unloading 26 unused Assets / (150.3 KB). Loaded Objects now: 4505.
Memory consumption went from 157.9 MB to 157.7 MB.
Total: 5.705100 ms (FindLiveObjects: 0.876600 ms CreateObjectMapping: 0.441800 ms MarkObjects: 4.208100 ms  DeleteObjects: 0.177700 ms)

AssetImportParameters requested are different than current active one (requested -> active):
  custom:video-decoder-ogg-theora: a1e56fd34408186e4bbccfd4996cb3dc -> 
  custom:container-muxer-webm: aa71ff27fc2769a1b78a27578f13a17b -> 
  custom:container-demuxer-webm: 4f35f7cbe854078d1ac9338744f61a02 -> 
  custom:video-encoder-webm-vp8: eb34c28f22e8b96e1ab97ce403110664 -> 
  custom:audio-encoder-webm-vorbis: bf7c407c2cedff20999df2af8eb42d56 -> 
  custom:framework-win-MediaFoundation: 216162199b28c13a410421893ffa2e32 -> 
  custom:container-demuxer-ogg: 62fdf1f143b41e24485cea50d1cbac27 -> 
  custom:video-decoder-webm-vp8: 9c59270c3fd7afecdb556c50c9e8de78 -> 
  custom:audio-decoder-ogg-vorbis: bf7c407c2cedff20999df2af8eb42d56 -> 
========================================================================
Received Prepare
Registering precompiled user dll's ...
Registered in 0.021162 seconds.
Begin MonoManager ReloadAssembly
Symbol file LoadedFromMemory doesn't match image C:\Users\98psw\Desktop\캡스톤\Mini-Party\Library\PackageCache\com.unity.visualscripting@1.7.8\Editor\VisualScripting.Core\Dependencies\YamlDotNet\Unity.VisualScripting.YamlDotNet.dll
Symbol file LoadedFromMemory doesn't match image C:\Users\98psw\Desktop\캡스톤\Mini-Party\Library\PackageCache\com.unity.visualscripting@1.7.8\Editor\VisualScripting.Core\Dependencies\DotNetZip\Unity.VisualScripting.IonicZip.dll
Native extension for WindowsStandalone target not found
Refreshing native plugins compatible for Editor in 0.92 ms, found 3 plugins.
Preloading 0 native plugins for Editor in 0.00 ms.
Mono: successfully reloaded assembly
- Completed reload, in  1.528 seconds
Domain Reload Profiling:
	ReloadAssembly (1528ms)
		BeginReloadAssembly (280ms)
			ExecutionOrderSort (0ms)
			DisableScriptedObjects (11ms)
			BackupInstance (0ms)
			ReleaseScriptingObjects (0ms)
			CreateAndSetChildDomain (62ms)
		EndReloadAssembly (1098ms)
			LoadAssemblies (212ms)
			RebuildTransferFunctionScriptingTraits (0ms)
			SetupTypeCache (312ms)
			ReleaseScriptCaches (1ms)
			RebuildScriptCaches (56ms)
			SetupLoadedEditorAssemblies (504ms)
				LogAssemblyErrors (0ms)
				InitializePlatformSupportModulesInManaged (20ms)
				SetLoadedEditorAssemblies (1ms)
				RefreshPlugins (1ms)
				BeforeProcessingInitializeOnLoad (132ms)
				ProcessInitializeOnLoadAttributes (278ms)
				ProcessInitializeOnLoadMethodAttributes (43ms)
				AfterProcessingInitializeOnLoad (29ms)
				EditorAssembliesLoaded (0ms)
			ExecutionOrderSort2 (0ms)
			AwakeInstancesAfterBackupRestoration (20ms)
Platform modules already initialized, skipping
Refreshing native plugins compatible for Editor in 4.57 ms, found 3 plugins.
Preloading 0 native plugins for Editor in 0.00 ms.
Unloading 3869 Unused Serialized files (Serialized files now loaded: 0)
Unloading 26 unused Assets / (150.3 KB). Loaded Objects now: 4521.
Memory consumption went from 157.9 MB to 157.7 MB.
Total: 4.110800 ms (FindLiveObjects: 0.320700 ms CreateObjectMapping: 0.231200 ms MarkObjects: 3.444500 ms  DeleteObjects: 0.113300 ms)

AssetImportParameters requested are different than current active one (requested -> active):
  custom:video-decoder-ogg-theora: a1e56fd34408186e4bbccfd4996cb3dc -> 
  custom:container-muxer-webm: aa71ff27fc2769a1b78a27578f13a17b -> 
  custom:container-demuxer-webm: 4f35f7cbe854078d1ac9338744f61a02 -> 
  custom:video-encoder-webm-vp8: eb34c28f22e8b96e1ab97ce403110664 -> 
  custom:audio-encoder-webm-vorbis: bf7c407c2cedff20999df2af8eb42d56 -> 
  custom:framework-win-MediaFoundation: 216162199b28c13a410421893ffa2e32 -> 
  custom:container-demuxer-ogg: 62fdf1f143b41e24485cea50d1cbac27 -> 
  custom:video-decoder-webm-vp8: 9c59270c3fd7afecdb556c50c9e8de78 -> 
  custom:audio-decoder-ogg-vorbis: bf7c407c2cedff20999df2af8eb42d56 -> 
========================================================================
Received Prepare
Registering precompiled user dll's ...
Registered in 0.021242 seconds.
Begin MonoManager ReloadAssembly
Symbol file LoadedFromMemory doesn't match image C:\Users\98psw\Desktop\캡스톤\Mini-Party\Library\PackageCache\com.unity.visualscripting@1.7.8\Editor\VisualScripting.Core\Dependencies\YamlDotNet\Unity.VisualScripting.YamlDotNet.dll
Symbol file LoadedFromMemory doesn't match image C:\Users\98psw\Desktop\캡스톤\Mini-Party\Library\PackageCache\com.unity.visualscripting@1.7.8\Editor\VisualScripting.Core\Dependencies\DotNetZip\Unity.VisualScripting.IonicZip.dll
Native extension for WindowsStandalone target not found
Refreshing native plugins compatible for Editor in 0.86 ms, found 3 plugins.
Preloading 0 native plugins for Editor in 0.00 ms.
Mono: successfully reloaded assembly
- Completed reload, in  1.670 seconds
Domain Reload Profiling:
	ReloadAssembly (1671ms)
		BeginReloadAssembly (228ms)
			ExecutionOrderSort (0ms)
			DisableScriptedObjects (7ms)
			BackupInstance (0ms)
			ReleaseScriptingObjects (0ms)
			CreateAndSetChildDomain (46ms)
		EndReloadAssembly (1285ms)
			LoadAssemblies (205ms)
			RebuildTransferFunctionScriptingTraits (0ms)
			SetupTypeCache (498ms)
			ReleaseScriptCaches (1ms)
			RebuildScriptCaches (59ms)
			SetupLoadedEditorAssemblies (500ms)
				LogAssemblyErrors (0ms)
				InitializePlatformSupportModulesInManaged (19ms)
				SetLoadedEditorAssemblies (1ms)
				RefreshPlugins (1ms)
				BeforeProcessingInitializeOnLoad (129ms)
				ProcessInitializeOnLoadAttributes (277ms)
				ProcessInitializeOnLoadMethodAttributes (44ms)
				AfterProcessingInitializeOnLoad (28ms)
				EditorAssembliesLoaded (0ms)
			ExecutionOrderSort2 (0ms)
			AwakeInstancesAfterBackupRestoration (19ms)
Platform modules already initialized, skipping
Refreshing native plugins compatible for Editor in 6.62 ms, found 3 plugins.
Preloading 0 native plugins for Editor in 0.00 ms.
Unloading 3869 Unused Serialized files (Serialized files now loaded: 0)
Unloading 26 unused Assets / (150.2 KB). Loaded Objects now: 4537.
Memory consumption went from 157.9 MB to 157.7 MB.
Total: 4.205800 ms (FindLiveObjects: 0.288100 ms CreateObjectMapping: 0.248200 ms MarkObjects: 3.367100 ms  DeleteObjects: 0.301400 ms)

AssetImportParameters requested are different than current active one (requested -> active):
  custom:video-decoder-ogg-theora: a1e56fd34408186e4bbccfd4996cb3dc -> 
  custom:container-muxer-webm: aa71ff27fc2769a1b78a27578f13a17b -> 
  custom:container-demuxer-webm: 4f35f7cbe854078d1ac9338744f61a02 -> 
  custom:video-encoder-webm-vp8: eb34c28f22e8b96e1ab97ce403110664 -> 
  custom:audio-encoder-webm-vorbis: bf7c407c2cedff20999df2af8eb42d56 -> 
  custom:framework-win-MediaFoundation: 216162199b28c13a410421893ffa2e32 -> 
  custom:container-demuxer-ogg: 62fdf1f143b41e24485cea50d1cbac27 -> 
  custom:video-decoder-webm-vp8: 9c59270c3fd7afecdb556c50c9e8de78 -> 
  custom:audio-decoder-ogg-vorbis: bf7c407c2cedff20999df2af8eb42d56 -> 
========================================================================
Received Prepare
Registering precompiled user dll's ...
Registered in 0.021291 seconds.
Begin MonoManager ReloadAssembly
Symbol file LoadedFromMemory doesn't match image C:\Users\98psw\Desktop\캡스톤\Mini-Party\Library\PackageCache\com.unity.visualscripting@1.7.8\Editor\VisualScripting.Core\Dependencies\YamlDotNet\Unity.VisualScripting.YamlDotNet.dll
Symbol file LoadedFromMemory doesn't match image C:\Users\98psw\Desktop\캡스톤\Mini-Party\Library\PackageCache\com.unity.visualscripting@1.7.8\Editor\VisualScripting.Core\Dependencies\DotNetZip\Unity.VisualScripting.IonicZip.dll
Native extension for WindowsStandalone target not found
Refreshing native plugins compatible for Editor in 0.82 ms, found 3 plugins.
Preloading 0 native plugins for Editor in 0.00 ms.
Mono: successfully reloaded assembly
- Completed reload, in  1.544 seconds
Domain Reload Profiling:
	ReloadAssembly (1545ms)
		BeginReloadAssembly (228ms)
			ExecutionOrderSort (0ms)
			DisableScriptedObjects (7ms)
			BackupInstance (0ms)
			ReleaseScriptingObjects (0ms)
			CreateAndSetChildDomain (41ms)
		EndReloadAssembly (1151ms)
			LoadAssemblies (196ms)
			RebuildTransferFunctionScriptingTraits (0ms)
			SetupTypeCache (369ms)
			ReleaseScriptCaches (2ms)
			RebuildScriptCaches (58ms)
			SetupLoadedEditorAssemblies (502ms)
				LogAssemblyErrors (0ms)
				InitializePlatformSupportModulesInManaged (21ms)
				SetLoadedEditorAssemblies (1ms)
				RefreshPlugins (1ms)
				BeforeProcessingInitializeOnLoad (129ms)
				ProcessInitializeOnLoadAttributes (278ms)
				ProcessInitializeOnLoadMethodAttributes (46ms)
				AfterProcessingInitializeOnLoad (28ms)
				EditorAssembliesLoaded (0ms)
			ExecutionOrderSort2 (0ms)
			AwakeInstancesAfterBackupRestoration (19ms)
Platform modules already initialized, skipping
Refreshing native plugins compatible for Editor in 4.50 ms, found 3 plugins.
Preloading 0 native plugins for Editor in 0.00 ms.
Unloading 3869 Unused Serialized files (Serialized files now loaded: 0)
Unloading 26 unused Assets / (150.3 KB). Loaded Objects now: 4553.
Memory consumption went from 157.9 MB to 157.8 MB.
Total: 3.350000 ms (FindLiveObjects: 0.335000 ms CreateObjectMapping: 0.277400 ms MarkObjects: 2.631600 ms  DeleteObjects: 0.104800 ms)

AssetImportParameters requested are different than current active one (requested -> active):
  custom:video-decoder-ogg-theora: a1e56fd34408186e4bbccfd4996cb3dc -> 
  custom:container-muxer-webm: aa71ff27fc2769a1b78a27578f13a17b -> 
  custom:container-demuxer-webm: 4f35f7cbe854078d1ac9338744f61a02 -> 
  custom:video-encoder-webm-vp8: eb34c28f22e8b96e1ab97ce403110664 -> 
  custom:audio-encoder-webm-vorbis: bf7c407c2cedff20999df2af8eb42d56 -> 
  custom:framework-win-MediaFoundation: 216162199b28c13a410421893ffa2e32 -> 
  custom:container-demuxer-ogg: 62fdf1f143b41e24485cea50d1cbac27 -> 
  custom:video-decoder-webm-vp8: 9c59270c3fd7afecdb556c50c9e8de78 -> 
  custom:audio-decoder-ogg-vorbis: bf7c407c2cedff20999df2af8eb42d56 -> 
========================================================================
Received Prepare
Registering precompiled user dll's ...
Registered in 0.021821 seconds.
Begin MonoManager ReloadAssembly
Symbol file LoadedFromMemory doesn't match image C:\Users\98psw\Desktop\캡스톤\Mini-Party\Library\PackageCache\com.unity.visualscripting@1.7.8\Editor\VisualScripting.Core\Dependencies\YamlDotNet\Unity.VisualScripting.YamlDotNet.dll
Symbol file LoadedFromMemory doesn't match image C:\Users\98psw\Desktop\캡스톤\Mini-Party\Library\PackageCache\com.unity.visualscripting@1.7.8\Editor\VisualScripting.Core\Dependencies\DotNetZip\Unity.VisualScripting.IonicZip.dll
Native extension for WindowsStandalone target not found
Refreshing native plugins compatible for Editor in 0.86 ms, found 3 plugins.
Preloading 0 native plugins for Editor in 0.00 ms.
Mono: successfully reloaded assembly
- Completed reload, in  1.569 seconds
Domain Reload Profiling:
	ReloadAssembly (1570ms)
		BeginReloadAssembly (223ms)
			ExecutionOrderSort (0ms)
			DisableScriptedObjects (7ms)
			BackupInstance (0ms)
			ReleaseScriptingObjects (0ms)
			CreateAndSetChildDomain (39ms)
		EndReloadAssembly (1194ms)
			LoadAssemblies (191ms)
			RebuildTransferFunctionScriptingTraits (0ms)
			SetupTypeCache (417ms)
			ReleaseScriptCaches (1ms)
			RebuildScriptCaches (56ms)
			SetupLoadedEditorAssemblies (502ms)
				LogAssemblyErrors (0ms)
				InitializePlatformSupportModulesInManaged (21ms)
				SetLoadedEditorAssemblies (1ms)
				RefreshPlugins (1ms)
				BeforeProcessingInitializeOnLoad (125ms)
				ProcessInitializeOnLoadAttributes (284ms)
				ProcessInitializeOnLoadMethodAttributes (43ms)
				AfterProcessingInitializeOnLoad (28ms)
				EditorAssembliesLoaded (0ms)
			ExecutionOrderSort2 (0ms)
			AwakeInstancesAfterBackupRestoration (21ms)
Platform modules already initialized, skipping
Refreshing native plugins compatible for Editor in 4.45 ms, found 3 plugins.
Preloading 0 native plugins for Editor in 0.00 ms.
Unloading 3869 Unused Serialized files (Serialized files now loaded: 0)
Unloading 26 unused Assets / (150.2 KB). Loaded Objects now: 4569.
Memory consumption went from 157.9 MB to 157.8 MB.
Total: 3.938100 ms (FindLiveObjects: 0.304100 ms CreateObjectMapping: 0.407000 ms MarkObjects: 3.100400 ms  DeleteObjects: 0.125600 ms)

AssetImportParameters requested are different than current active one (requested -> active):
  custom:video-decoder-ogg-theora: a1e56fd34408186e4bbccfd4996cb3dc -> 
  custom:container-muxer-webm: aa71ff27fc2769a1b78a27578f13a17b -> 
  custom:container-demuxer-webm: 4f35f7cbe854078d1ac9338744f61a02 -> 
  custom:video-encoder-webm-vp8: eb34c28f22e8b96e1ab97ce403110664 -> 
  custom:audio-encoder-webm-vorbis: bf7c407c2cedff20999df2af8eb42d56 -> 
  custom:framework-win-MediaFoundation: 216162199b28c13a410421893ffa2e32 -> 
  custom:container-demuxer-ogg: 62fdf1f143b41e24485cea50d1cbac27 -> 
  custom:video-decoder-webm-vp8: 9c59270c3fd7afecdb556c50c9e8de78 -> 
  custom:audio-decoder-ogg-vorbis: bf7c407c2cedff20999df2af8eb42d56 -> 
========================================================================
Received Prepare
Registering precompiled user dll's ...
Registered in 0.024367 seconds.
Begin MonoManager ReloadAssembly
Symbol file LoadedFromMemory doesn't match image C:\Users\98psw\Desktop\캡스톤\Mini-Party\Library\PackageCache\com.unity.visualscripting@1.7.8\Editor\VisualScripting.Core\Dependencies\YamlDotNet\Unity.VisualScripting.YamlDotNet.dll
Symbol file LoadedFromMemory doesn't match image C:\Users\98psw\Desktop\캡스톤\Mini-Party\Library\PackageCache\com.unity.visualscripting@1.7.8\Editor\VisualScripting.Core\Dependencies\DotNetZip\Unity.VisualScripting.IonicZip.dll
Native extension for WindowsStandalone target not found
Refreshing native plugins compatible for Editor in 0.90 ms, found 3 plugins.
Preloading 0 native plugins for Editor in 0.00 ms.
Mono: successfully reloaded assembly
- Completed reload, in  1.636 seconds
Domain Reload Profiling:
	ReloadAssembly (1636ms)
		BeginReloadAssembly (225ms)
			ExecutionOrderSort (0ms)
			DisableScriptedObjects (8ms)
			BackupInstance (0ms)
			ReleaseScriptingObjects (0ms)
			CreateAndSetChildDomain (45ms)
		EndReloadAssembly (1256ms)
			LoadAssemblies (193ms)
			RebuildTransferFunctionScriptingTraits (0ms)
			SetupTypeCache (467ms)
			ReleaseScriptCaches (2ms)
			RebuildScriptCaches (59ms)
			SetupLoadedEditorAssemblies (507ms)
				LogAssemblyErrors (0ms)
				InitializePlatformSupportModulesInManaged (20ms)
				SetLoadedEditorAssemblies (1ms)
				RefreshPlugins (1ms)
				BeforeProcessingInitializeOnLoad (126ms)
				ProcessInitializeOnLoadAttributes (284ms)
				ProcessInitializeOnLoadMethodAttributes (46ms)
				AfterProcessingInitializeOnLoad (29ms)
				EditorAssembliesLoaded (0ms)
			ExecutionOrderSort2 (0ms)
			AwakeInstancesAfterBackupRestoration (20ms)
Platform modules already initialized, skipping
Refreshing native plugins compatible for Editor in 4.11 ms, found 3 plugins.
Preloading 0 native plugins for Editor in 0.00 ms.
Unloading 3869 Unused Serialized files (Serialized files now loaded: 0)
Unloading 26 unused Assets / (151.3 KB). Loaded Objects now: 4585.
Memory consumption went from 157.9 MB to 157.8 MB.
Total: 3.102000 ms (FindLiveObjects: 0.388400 ms CreateObjectMapping: 0.255400 ms MarkObjects: 2.341100 ms  DeleteObjects: 0.116300 ms)

AssetImportParameters requested are different than current active one (requested -> active):
  custom:video-decoder-ogg-theora: a1e56fd34408186e4bbccfd4996cb3dc -> 
  custom:container-muxer-webm: aa71ff27fc2769a1b78a27578f13a17b -> 
  custom:container-demuxer-webm: 4f35f7cbe854078d1ac9338744f61a02 -> 
  custom:video-encoder-webm-vp8: eb34c28f22e8b96e1ab97ce403110664 -> 
  custom:audio-encoder-webm-vorbis: bf7c407c2cedff20999df2af8eb42d56 -> 
  custom:framework-win-MediaFoundation: 216162199b28c13a410421893ffa2e32 -> 
  custom:container-demuxer-ogg: 62fdf1f143b41e24485cea50d1cbac27 -> 
  custom:video-decoder-webm-vp8: 9c59270c3fd7afecdb556c50c9e8de78 -> 
  custom:audio-decoder-ogg-vorbis: bf7c407c2cedff20999df2af8eb42d56 -> 
========================================================================
Received Prepare
Registering precompiled user dll's ...
Registered in 0.020191 seconds.
Begin MonoManager ReloadAssembly
Symbol file LoadedFromMemory doesn't match image C:\Users\98psw\Desktop\캡스톤\Mini-Party\Library\PackageCache\com.unity.visualscripting@1.7.8\Editor\VisualScripting.Core\Dependencies\YamlDotNet\Unity.VisualScripting.YamlDotNet.dll
Symbol file LoadedFromMemory doesn't match image C:\Users\98psw\Desktop\캡스톤\Mini-Party\Library\PackageCache\com.unity.visualscripting@1.7.8\Editor\VisualScripting.Core\Dependencies\DotNetZip\Unity.VisualScripting.IonicZip.dll
Native extension for WindowsStandalone target not found
Refreshing native plugins compatible for Editor in 0.92 ms, found 3 plugins.
Preloading 0 native plugins for Editor in 0.00 ms.
Mono: successfully reloaded assembly
- Completed reload, in  1.592 seconds
Domain Reload Profiling:
	ReloadAssembly (1593ms)
		BeginReloadAssembly (209ms)
			ExecutionOrderSort (0ms)
			DisableScriptedObjects (7ms)
			BackupInstance (0ms)
			ReleaseScriptingObjects (0ms)
			CreateAndSetChildDomain (38ms)
		EndReloadAssembly (1235ms)
			LoadAssemblies (188ms)
			RebuildTransferFunctionScriptingTraits (0ms)
			SetupTypeCache (380ms)
			ReleaseScriptCaches (1ms)
			RebuildScriptCaches (60ms)
			SetupLoadedEditorAssemblies (551ms)
				LogAssemblyErrors (0ms)
				InitializePlatformSupportModulesInManaged (25ms)
				SetLoadedEditorAssemblies (1ms)
				RefreshPlugins (1ms)
				BeforeProcessingInitializeOnLoad (144ms)
				ProcessInitializeOnLoadAttributes (309ms)
				ProcessInitializeOnLoadMethodAttributes (43ms)
				AfterProcessingInitializeOnLoad (28ms)
				EditorAssembliesLoaded (0ms)
			ExecutionOrderSort2 (0ms)
			AwakeInstancesAfterBackupRestoration (17ms)
Platform modules already initialized, skipping
Refreshing native plugins compatible for Editor in 4.99 ms, found 3 plugins.
Preloading 0 native plugins for Editor in 0.00 ms.
Unloading 3869 Unused Serialized files (Serialized files now loaded: 0)
Unloading 26 unused Assets / (150.2 KB). Loaded Objects now: 4601.
Memory consumption went from 158.0 MB to 157.8 MB.
Total: 8.007000 ms (FindLiveObjects: 0.412700 ms CreateObjectMapping: 0.499900 ms MarkObjects: 6.753700 ms  DeleteObjects: 0.337000 ms)

AssetImportParameters requested are different than current active one (requested -> active):
  custom:video-decoder-ogg-theora: a1e56fd34408186e4bbccfd4996cb3dc -> 
  custom:container-muxer-webm: aa71ff27fc2769a1b78a27578f13a17b -> 
  custom:container-demuxer-webm: 4f35f7cbe854078d1ac9338744f61a02 -> 
  custom:video-encoder-webm-vp8: eb34c28f22e8b96e1ab97ce403110664 -> 
  custom:audio-encoder-webm-vorbis: bf7c407c2cedff20999df2af8eb42d56 -> 
  custom:framework-win-MediaFoundation: 216162199b28c13a410421893ffa2e32 -> 
  custom:container-demuxer-ogg: 62fdf1f143b41e24485cea50d1cbac27 -> 
  custom:video-decoder-webm-vp8: 9c59270c3fd7afecdb556c50c9e8de78 -> 
  custom:audio-decoder-ogg-vorbis: bf7c407c2cedff20999df2af8eb42d56 -> 
========================================================================
Received Prepare
Registering precompiled user dll's ...
Registered in 0.019472 seconds.
Begin MonoManager ReloadAssembly
Symbol file LoadedFromMemory doesn't match image C:\Users\98psw\Desktop\캡스톤\Mini-Party\Library\PackageCache\com.unity.visualscripting@1.7.8\Editor\VisualScripting.Core\Dependencies\YamlDotNet\Unity.VisualScripting.YamlDotNet.dll
Symbol file LoadedFromMemory doesn't match image C:\Users\98psw\Desktop\캡스톤\Mini-Party\Library\PackageCache\com.unity.visualscripting@1.7.8\Editor\VisualScripting.Core\Dependencies\DotNetZip\Unity.VisualScripting.IonicZip.dll
Native extension for WindowsStandalone target not found
Refreshing native plugins compatible for Editor in 0.92 ms, found 3 plugins.
Preloading 0 native plugins for Editor in 0.00 ms.
Mono: successfully reloaded assembly
- Completed reload, in  1.407 seconds
Domain Reload Profiling:
	ReloadAssembly (1408ms)
		BeginReloadAssembly (208ms)
			ExecutionOrderSort (0ms)
			DisableScriptedObjects (7ms)
			BackupInstance (0ms)
			ReleaseScriptingObjects (0ms)
			CreateAndSetChildDomain (43ms)
		EndReloadAssembly (1051ms)
			LoadAssemblies (175ms)
			RebuildTransferFunctionScriptingTraits (0ms)
			SetupTypeCache (315ms)
			ReleaseScriptCaches (1ms)
			RebuildScriptCaches (57ms)
			SetupLoadedEditorAssemblies (464ms)
				LogAssemblyErrors (0ms)
				InitializePlatformSupportModulesInManaged (19ms)
				SetLoadedEditorAssemblies (0ms)
				RefreshPlugins (1ms)
				BeforeProcessingInitializeOnLoad (123ms)
				ProcessInitializeOnLoadAttributes (254ms)
				ProcessInitializeOnLoadMethodAttributes (41ms)
				AfterProcessingInitializeOnLoad (25ms)
				EditorAssembliesLoaded (0ms)
			ExecutionOrderSort2 (0ms)
			AwakeInstancesAfterBackupRestoration (17ms)
Platform modules already initialized, skipping
Refreshing native plugins compatible for Editor in 4.09 ms, found 3 plugins.
Preloading 0 native plugins for Editor in 0.00 ms.
Unloading 3869 Unused Serialized files (Serialized files now loaded: 0)
Unloading 26 unused Assets / (150.3 KB). Loaded Objects now: 4617.
Memory consumption went from 158.0 MB to 157.8 MB.
Total: 3.598500 ms (FindLiveObjects: 0.295800 ms CreateObjectMapping: 0.193200 ms MarkObjects: 3.003100 ms  DeleteObjects: 0.105400 ms)

AssetImportParameters requested are different than current active one (requested -> active):
  custom:video-decoder-ogg-theora: a1e56fd34408186e4bbccfd4996cb3dc -> 
  custom:container-muxer-webm: aa71ff27fc2769a1b78a27578f13a17b -> 
  custom:container-demuxer-webm: 4f35f7cbe854078d1ac9338744f61a02 -> 
  custom:video-encoder-webm-vp8: eb34c28f22e8b96e1ab97ce403110664 -> 
  custom:audio-encoder-webm-vorbis: bf7c407c2cedff20999df2af8eb42d56 -> 
  custom:framework-win-MediaFoundation: 216162199b28c13a410421893ffa2e32 -> 
  custom:container-demuxer-ogg: 62fdf1f143b41e24485cea50d1cbac27 -> 
  custom:video-decoder-webm-vp8: 9c59270c3fd7afecdb556c50c9e8de78 -> 
  custom:audio-decoder-ogg-vorbis: bf7c407c2cedff20999df2af8eb42d56 -> 
========================================================================
Received Import Request.
  Time since last request: 2659.447724 seconds.
  path: Assets/Import/Alstra Infinite/Platform Tiles - PolyPack/Prefabs/Block_DirtV1.prefab
  artifactKey: Guid(feb62447434f44642a447de4e34b370e) Importer(815301076,1909f56bfc062723c751e8b465ee728b)
Start importing Assets/Import/Alstra Infinite/Platform Tiles - PolyPack/Prefabs/Block_DirtV1.prefab using Guid(feb62447434f44642a447de4e34b370e) Importer(815301076,1909f56bfc062723c751e8b465ee728b)  -> (artifact id: '9d7769623a97acf3b8bcc5f47dc6bae1') in 0.251560 seconds 
========================================================================
Received Import Request.
  Time since last request: 0.000028 seconds.
  path: Assets/Import/Alstra Infinite/Platform Tiles - PolyPack/Prefabs/Tile_StoneV1.prefab
  artifactKey: Guid(42457521d8355224c984edbfaa7e4411) Importer(815301076,1909f56bfc062723c751e8b465ee728b)
Start importing Assets/Import/Alstra Infinite/Platform Tiles - PolyPack/Prefabs/Tile_StoneV1.prefab using Guid(42457521d8355224c984edbfaa7e4411) Importer(815301076,1909f56bfc062723c751e8b465ee728b)  -> (artifact id: '9f1034cb884de5c0f60f470812f206de') in 0.020850 seconds 
========================================================================
Received Import Request.
  Time since last request: 0.000031 seconds.
  path: Assets/Import/Alstra Infinite/Platform Tiles - PolyPack/Prefabs/Tile_Acc_PlanksV1.prefab
  artifactKey: Guid(9270649ea4d2d9b448794d6b71b8c853) Importer(815301076,1909f56bfc062723c751e8b465ee728b)
Start importing Assets/Import/Alstra Infinite/Platform Tiles - PolyPack/Prefabs/Tile_Acc_PlanksV1.prefab using Guid(9270649ea4d2d9b448794d6b71b8c853) Importer(815301076,1909f56bfc062723c751e8b465ee728b)  -> (artifact id: '4278fed2fbe3007104991ea8aa0cbebc') in 0.031202 seconds 
========================================================================
Received Import Request.
  Time since last request: 0.000023 seconds.
  path: Assets/Import/Alstra Infinite/Platform Tiles - PolyPack/Prefabs/Tile_TreeV1.prefab
  artifactKey: Guid(d0713c6354bd67147a06036826a460f9) Importer(815301076,1909f56bfc062723c751e8b465ee728b)
Start importing Assets/Import/Alstra Infinite/Platform Tiles - PolyPack/Prefabs/Tile_TreeV1.prefab using Guid(d0713c6354bd67147a06036826a460f9) Importer(815301076,1909f56bfc062723c751e8b465ee728b)  -> (artifact id: '5bdcaad8ca909cadc27916bea86fe0f4') in 0.042835 seconds 
========================================================================
Received Import Request.
  Time since last request: 0.000583 seconds.
  path: Assets/Import/Alstra Infinite/Platform Tiles - PolyPack/Prefabs/Tile_GrassV1.prefab
  artifactKey: Guid(154703c8827a19241a289d4cd734d234) Importer(815301076,1909f56bfc062723c751e8b465ee728b)
Start importing Assets/Import/Alstra Infinite/Platform Tiles - PolyPack/Prefabs/Tile_GrassV1.prefab using Guid(154703c8827a19241a289d4cd734d234) Importer(815301076,1909f56bfc062723c751e8b465ee728b)  -> (artifact id: 'fdc87a5cd4924f7b2e1590f66e8b2840') in 0.028763 seconds 
========================================================================
Received Import Request.
  Time since last request: 2.854138 seconds.
  path: Assets/Import/Alstra Infinite/Platform Tiles - PolyPack/Models/Block_DirtV1.fbx
  artifactKey: Guid(dac29f951da779844913614e3c79e634) Importer(815301076,1909f56bfc062723c751e8b465ee728b)
Start importing Assets/Import/Alstra Infinite/Platform Tiles - PolyPack/Models/Block_DirtV1.fbx using Guid(dac29f951da779844913614e3c79e634) Importer(815301076,1909f56bfc062723c751e8b465ee728b)  -> (artifact id: '7720fc3f3de91c57ca281d29ff9b4d37') in 0.038381 seconds 
========================================================================
Received Import Request.
  Time since last request: 0.000051 seconds.
  path: Assets/Import/Alstra Infinite/Platform Tiles - PolyPack/Models/Tile_Acc_StonePlatesV1.fbx
  artifactKey: Guid(2c276cceabefb7e48b431d79825e4f20) Importer(815301076,1909f56bfc062723c751e8b465ee728b)
Start importing Assets/Import/Alstra Infinite/Platform Tiles - PolyPack/Models/Tile_Acc_StonePlatesV1.fbx using Guid(2c276cceabefb7e48b431d79825e4f20) Importer(815301076,1909f56bfc062723c751e8b465ee728b)  -> (artifact id: '25d014203dee1109e0887a109bdd0e12') in 0.035490 seconds 
========================================================================
Received Import Request.
  Time since last request: 0.000019 seconds.
  path: Assets/Import/Alstra Infinite/Platform Tiles - PolyPack/Models/Tile_TreeV1.fbx
  artifactKey: Guid(f96915634a74607438059aa2a6130af1) Importer(815301076,1909f56bfc062723c751e8b465ee728b)
Start importing Assets/Import/Alstra Infinite/Platform Tiles - PolyPack/Models/Tile_TreeV1.fbx using Guid(f96915634a74607438059aa2a6130af1) Importer(815301076,1909f56bfc062723c751e8b465ee728b)  -> (artifact id: 'e30854016f3646e61f1206d5a3076714') in 0.027254 seconds 
========================================================================
Received Import Request.
  Time since last request: 0.000028 seconds.
  path: Assets/Import/Alstra Infinite/Platform Tiles - PolyPack/Models/Tile_GrassV1.fbx
  artifactKey: Guid(ade8b0d81a603704e8278c744f3415e9) Importer(815301076,1909f56bfc062723c751e8b465ee728b)
Start importing Assets/Import/Alstra Infinite/Platform Tiles - PolyPack/Models/Tile_GrassV1.fbx using Guid(ade8b0d81a603704e8278c744f3415e9) Importer(815301076,1909f56bfc062723c751e8b465ee728b)  -> (artifact id: '962e1e1dec4b5b94caa9dc537fc1381f') in 0.022628 seconds 
========================================================================
Received Import Request.
  Time since last request: 0.000042 seconds.
  path: Assets/Import/Alstra Infinite/Platform Tiles - PolyPack/Models/Tile_Acc_RockWGrassV1.fbx
  artifactKey: Guid(237592f07ec28eb4b87fa4e7c8512c73) Importer(815301076,1909f56bfc062723c751e8b465ee728b)
Start importing Assets/Import/Alstra Infinite/Platform Tiles - PolyPack/Models/Tile_Acc_RockWGrassV1.fbx using Guid(237592f07ec28eb4b87fa4e7c8512c73) Importer(815301076,1909f56bfc062723c751e8b465ee728b)  -> (artifact id: 'd33ae99cac2b2ba2efa662a322864d69') in 0.024293 seconds 
========================================================================
Received Import Request.
  Time since last request: 0.000022 seconds.
  path: Assets/Import/Alstra Infinite/Platform Tiles - PolyPack/Models/Block_TreeV1.fbx
  artifactKey: Guid(5d114db4f9024014784a5ee3f163faf1) Importer(815301076,1909f56bfc062723c751e8b465ee728b)
Start importing Assets/Import/Alstra Infinite/Platform Tiles - PolyPack/Models/Block_TreeV1.fbx using Guid(5d114db4f9024014784a5ee3f163faf1) Importer(815301076,1909f56bfc062723c751e8b465ee728b)  -> (artifact id: 'f28d4c6ab63c765c1b9b5a528a815188') in 0.024523 seconds 
========================================================================
Received Import Request.
  Time since last request: 2.548429 seconds.
  path: Assets/Import/Alstra Infinite/Platform Tiles - PolyPack/Materials/Water.mat
  artifactKey: Guid(7ad66946680afb94ab76cb431034e834) Importer(815301076,1909f56bfc062723c751e8b465ee728b)
Start importing Assets/Import/Alstra Infinite/Platform Tiles - PolyPack/Materials/Water.mat using Guid(7ad66946680afb94ab76cb431034e834) Importer(815301076,1909f56bfc062723c751e8b465ee728b)  -> (artifact id: 'a7bd61ffd238944a987bb305f99d488d') in 0.040927 seconds 
========================================================================
Received Prepare
Registering precompiled user dll's ...
Registered in 0.020325 seconds.
Begin MonoManager ReloadAssembly
Symbol file LoadedFromMemory doesn't match image C:\Users\98psw\Desktop\캡스톤\Mini-Party\Library\PackageCache\com.unity.visualscripting@1.7.8\Editor\VisualScripting.Core\Dependencies\YamlDotNet\Unity.VisualScripting.YamlDotNet.dll
Symbol file LoadedFromMemory doesn't match image C:\Users\98psw\Desktop\캡스톤\Mini-Party\Library\PackageCache\com.unity.visualscripting@1.7.8\Editor\VisualScripting.Core\Dependencies\DotNetZip\Unity.VisualScripting.IonicZip.dll
Native extension for WindowsStandalone target not found
Refreshing native plugins compatible for Editor in 0.96 ms, found 3 plugins.
Preloading 0 native plugins for Editor in 0.00 ms.
Mono: successfully reloaded assembly
- Completed reload, in  1.663 seconds
Domain Reload Profiling:
	ReloadAssembly (1664ms)
		BeginReloadAssembly (238ms)
			ExecutionOrderSort (0ms)
			DisableScriptedObjects (7ms)
			BackupInstance (0ms)
			ReleaseScriptingObjects (0ms)
			CreateAndSetChildDomain (48ms)
		EndReloadAssembly (1261ms)
			LoadAssemblies (205ms)
			RebuildTransferFunctionScriptingTraits (0ms)
			SetupTypeCache (473ms)
			ReleaseScriptCaches (2ms)
			RebuildScriptCaches (58ms)
			SetupLoadedEditorAssemblies (511ms)
				LogAssemblyErrors (0ms)
				InitializePlatformSupportModulesInManaged (20ms)
				SetLoadedEditorAssemblies (1ms)
				RefreshPlugins (1ms)
				BeforeProcessingInitializeOnLoad (128ms)
				ProcessInitializeOnLoadAttributes (289ms)
				ProcessInitializeOnLoadMethodAttributes (45ms)
				AfterProcessingInitializeOnLoad (27ms)
				EditorAssembliesLoaded (0ms)
			ExecutionOrderSort2 (0ms)
			AwakeInstancesAfterBackupRestoration (20ms)
Platform modules already initialized, skipping
Refreshing native plugins compatible for Editor in 4.02 ms, found 3 plugins.
Preloading 0 native plugins for Editor in 0.00 ms.
Unloading 3869 Unused Serialized files (Serialized files now loaded: 0)
Unloading 26 unused Assets / (150.3 KB). Loaded Objects now: 4633.
Memory consumption went from 158.0 MB to 157.9 MB.
Total: 3.080600 ms (FindLiveObjects: 0.320300 ms CreateObjectMapping: 0.216900 ms MarkObjects: 2.411900 ms  DeleteObjects: 0.130500 ms)

AssetImportParameters requested are different than current active one (requested -> active):
  custom:video-decoder-ogg-theora: a1e56fd34408186e4bbccfd4996cb3dc -> 
  custom:container-muxer-webm: aa71ff27fc2769a1b78a27578f13a17b -> 
  custom:container-demuxer-webm: 4f35f7cbe854078d1ac9338744f61a02 -> 
  custom:video-encoder-webm-vp8: eb34c28f22e8b96e1ab97ce403110664 -> 
  custom:audio-encoder-webm-vorbis: bf7c407c2cedff20999df2af8eb42d56 -> 
  custom:framework-win-MediaFoundation: 216162199b28c13a410421893ffa2e32 -> 
  custom:container-demuxer-ogg: 62fdf1f143b41e24485cea50d1cbac27 -> 
  custom:video-decoder-webm-vp8: 9c59270c3fd7afecdb556c50c9e8de78 -> 
  custom:audio-decoder-ogg-vorbis: bf7c407c2cedff20999df2af8eb42d56 -> 
========================================================================
Received Import Request.
  Time since last request: 221.426825 seconds.
  path: Assets/Resources/USER_Prefabs/Bonus_Arkanoid_Prefab/Block_DirtV1.prefab
  artifactKey: Guid(345b4eb90121b06469cd3de2d5a284a0) Importer(815301076,1909f56bfc062723c751e8b465ee728b)
Start importing Assets/Resources/USER_Prefabs/Bonus_Arkanoid_Prefab/Block_DirtV1.prefab using Guid(345b4eb90121b06469cd3de2d5a284a0) Importer(815301076,1909f56bfc062723c751e8b465ee728b)  -> (artifact id: '81d4cbd57295b94ccee80f8b99a4f8e5') in 0.100285 seconds 
========================================================================
Received Import Request.
  Time since last request: 0.000035 seconds.
  path: Assets/Resources/USER_Prefabs/Bonus_Arkanoid_Prefab/Tile_Acc_StonePlatesV1.prefab
  artifactKey: Guid(4d21126c2a90252478b34a87dfa285b9) Importer(815301076,1909f56bfc062723c751e8b465ee728b)
Start importing Assets/Resources/USER_Prefabs/Bonus_Arkanoid_Prefab/Tile_Acc_StonePlatesV1.prefab using Guid(4d21126c2a90252478b34a87dfa285b9) Importer(815301076,1909f56bfc062723c751e8b465ee728b)  -> (artifact id: '8ecee80a0f06ecdf706f3b858d83e352') in 0.025313 seconds 
========================================================================
Received Import Request.
  Time since last request: 0.000025 seconds.
  path: Assets/Resources/USER_Prefabs/Bonus_Arkanoid_Prefab/Block_TreeV1.prefab
  artifactKey: Guid(8bcb15a28665b9f4aaf60735fe90ef98) Importer(815301076,1909f56bfc062723c751e8b465ee728b)
Start importing Assets/Resources/USER_Prefabs/Bonus_Arkanoid_Prefab/Block_TreeV1.prefab using Guid(8bcb15a28665b9f4aaf60735fe90ef98) Importer(815301076,1909f56bfc062723c751e8b465ee728b)  -> (artifact id: '6b3b492b6c6c08e99bac84e695c54db8') in 0.022312 seconds 
========================================================================
Received Import Request.
  Time since last request: 0.000039 seconds.
  path: Assets/Resources/USER_Prefabs/Bonus_Arkanoid_Prefab/Tile_GrassV1.prefab
  artifactKey: Guid(f05cfd06889e8ef4fbf6e974d3deb568) Importer(815301076,1909f56bfc062723c751e8b465ee728b)
Start importing Assets/Resources/USER_Prefabs/Bonus_Arkanoid_Prefab/Tile_GrassV1.prefab using Guid(f05cfd06889e8ef4fbf6e974d3deb568) Importer(815301076,1909f56bfc062723c751e8b465ee728b)  -> (artifact id: 'b04ce549a0e84f924e47c2f3238442fe') in 0.021528 seconds 
========================================================================
Received Import Request.
  Time since last request: 0.000026 seconds.
  path: Assets/Resources/USER_Prefabs/Bonus_Arkanoid_Prefab/Tile_WaterV1.prefab
  artifactKey: Guid(ebe891e4eae167b4295a63805b1cc816) Importer(815301076,1909f56bfc062723c751e8b465ee728b)
Start importing Assets/Resources/USER_Prefabs/Bonus_Arkanoid_Prefab/Tile_WaterV1.prefab using Guid(ebe891e4eae167b4295a63805b1cc816) Importer(815301076,1909f56bfc062723c751e8b465ee728b)  -> (artifact id: '1fc4651c367fcbf8e32d5c2b49337654') in 0.022126 seconds 
========================================================================
Received Import Request.
  Time since last request: 0.000047 seconds.
  path: Assets/Resources/USER_Prefabs/Bonus_Arkanoid_Prefab/Tile_Acc_RockWGrassV1.prefab
  artifactKey: Guid(7c19e2f665a52604982c7734e6ad6def) Importer(815301076,1909f56bfc062723c751e8b465ee728b)
Start importing Assets/Resources/USER_Prefabs/Bonus_Arkanoid_Prefab/Tile_Acc_RockWGrassV1.prefab using Guid(7c19e2f665a52604982c7734e6ad6def) Importer(815301076,1909f56bfc062723c751e8b465ee728b)  -> (artifact id: '24389bad50deadfcbf10e59574103015') in 0.020450 seconds 
========================================================================
Received Import Request.
  Time since last request: 0.000020 seconds.
  path: Assets/Resources/USER_Prefabs/Bonus_Arkanoid_Prefab/Block_StoneV1.prefab
  artifactKey: Guid(502e2b420b4d50c458941571369fefbd) Importer(815301076,1909f56bfc062723c751e8b465ee728b)
Start importing Assets/Resources/USER_Prefabs/Bonus_Arkanoid_Prefab/Block_StoneV1.prefab using Guid(502e2b420b4d50c458941571369fefbd) Importer(815301076,1909f56bfc062723c751e8b465ee728b)  -> (artifact id: 'da7c6e51a1e5078672b8afc5c835e23a') in 0.020135 seconds 
