Using pre-set license
Built from '2021.3/staging' branch; Version is '2021.3.8f1 (b30333d56e81) revision 11731763'; Using compiler version '192829333'; Build Type 'Release'
OS: 'Windows 10  (10.0.19045) 64bit Professional' Language: 'ko' Physical Memory: 8134 MB
BatchMode: 1, IsHumanControllingUs: 0, StartBugReporterOnCrash: 0, Is64bit: 1, IsPro: 1

COMMAND LINE ARGUMENTS:
C:\Program Files\Unity\Hub\Editor\2021.3.8f1\Editor\Unity.exe
-adb2
-batchMode
-noUpm
-name
AssetImportWorker0
-projectPath
C:/Users/zz/Documents/GitHub/Mini-Party/Mini-Party
-logFile
Logs/AssetImportWorker0.log
-srvPort
58621
Successfully changed project path to: C:/Users/zz/Documents/GitHub/Mini-Party/Mini-Party
C:/Users/zz/Documents/GitHub/Mini-Party/Mini-Party
[UnityMemory] Configuration Parameters - Can be set up in boot.config
    "memorysetup-bucket-allocator-granularity=16"
    "memorysetup-bucket-allocator-bucket-count=8"
    "memorysetup-bucket-allocator-block-size=33554432"
    "memorysetup-bucket-allocator-block-count=8"
    "memorysetup-main-allocator-block-size=16777216"
    "memorysetup-thread-allocator-block-size=16777216"
    "memorysetup-gfx-main-allocator-block-size=16777216"
    "memorysetup-gfx-thread-allocator-block-size=16777216"
    "memorysetup-cache-allocator-block-size=4194304"
    "memorysetup-typetree-allocator-block-size=2097152"
    "memorysetup-profiler-bucket-allocator-granularity=16"
    "memorysetup-profiler-bucket-allocator-bucket-count=8"
    "memorysetup-profiler-bucket-allocator-block-size=33554432"
    "memorysetup-profiler-bucket-allocator-block-count=8"
    "memorysetup-profiler-allocator-block-size=16777216"
    "memorysetup-profiler-editor-allocator-block-size=1048576"
    "memorysetup-temp-allocator-size-main=16777216"
    "memorysetup-job-temp-allocator-block-size=2097152"
    "memorysetup-job-temp-allocator-block-size-background=1048576"
    "memorysetup-job-temp-allocator-reduction-small-platforms=262144"
    "memorysetup-temp-allocator-size-background-worker=32768"
    "memorysetup-temp-allocator-size-job-worker=262144"
    "memorysetup-temp-allocator-size-preload-manager=33554432"
    "memorysetup-temp-allocator-size-nav-mesh-worker=65536"
    "memorysetup-temp-allocator-size-audio-worker=65536"
    "memorysetup-temp-allocator-size-cloud-worker=32768"
    "memorysetup-temp-allocator-size-gi-baking-worker=262144"
    "memorysetup-temp-allocator-size-gfx=262144"
Refreshing native plugins compatible for Editor in 134.08 ms, found 3 plugins.
Preloading 0 native plugins for Editor in 0.00 ms.
Initialize engine version: 2021.3.8f1 (b30333d56e81)
[Subsystems] Discovering subsystems at path C:/Program Files/Unity/Hub/Editor/2021.3.8f1/Editor/Data/Resources/UnitySubsystems
[Subsystems] Discovering subsystems at path C:/Users/zz/Documents/GitHub/Mini-Party/Mini-Party/Assets
GfxDevice: creating device client; threaded=0; jobified=0
Direct3D:
    Version:  Direct3D 11.0 [level 11.0]
    Renderer: NVIDIA GeForce GTX 760 (ID=0x1187)
    Vendor:   NVIDIA
    VRAM:     2007 MB
    Driver:   27.21.14.5671
Initialize mono
Mono path[0] = 'C:/Program Files/Unity/Hub/Editor/2021.3.8f1/Editor/Data/Managed'
Mono path[1] = 'C:/Program Files/Unity/Hub/Editor/2021.3.8f1/Editor/Data/MonoBleedingEdge/lib/mono/unityjit-win32'
Mono config path = 'C:/Program Files/Unity/Hub/Editor/2021.3.8f1/Editor/Data/MonoBleedingEdge/etc'
Using monoOptions --debugger-agent=transport=dt_socket,embedding=1,server=y,suspend=n,address=127.0.0.1:56060
Begin MonoManager ReloadAssembly
Registering precompiled unity dll's ...
Register platform support module: C:/Program Files/Unity/Hub/Editor/2021.3.8f1/Editor/Data/PlaybackEngines/WindowsStandaloneSupport/UnityEditor.WindowsStandalone.Extensions.dll
Registered in 0.069205 seconds.
Native extension for WindowsStandalone target not found
Refreshing native plugins compatible for Editor in 121.57 ms, found 3 plugins.
Preloading 0 native plugins for Editor in 0.00 ms.
Mono: successfully reloaded assembly
- Completed reload, in  1.259 seconds
Domain Reload Profiling:
	ReloadAssembly (1260ms)
		BeginReloadAssembly (233ms)
			ExecutionOrderSort (0ms)
			DisableScriptedObjects (0ms)
			BackupInstance (0ms)
			ReleaseScriptingObjects (0ms)
			CreateAndSetChildDomain (1ms)
		EndReloadAssembly (733ms)
			LoadAssemblies (220ms)
			RebuildTransferFunctionScriptingTraits (0ms)
			SetupTypeCache (151ms)
			ReleaseScriptCaches (0ms)
			RebuildScriptCaches (38ms)
			SetupLoadedEditorAssemblies (443ms)
				LogAssemblyErrors (0ms)
				InitializePlatformSupportModulesInManaged (26ms)
				SetLoadedEditorAssemblies (0ms)
				RefreshPlugins (122ms)
				BeforeProcessingInitializeOnLoad (2ms)
				ProcessInitializeOnLoadAttributes (227ms)
				ProcessInitializeOnLoadMethodAttributes (66ms)
				AfterProcessingInitializeOnLoad (0ms)
				EditorAssembliesLoaded (0ms)
			ExecutionOrderSort2 (0ms)
			AwakeInstancesAfterBackupRestoration (0ms)
Platform modules already initialized, skipping
Registering precompiled user dll's ...
Registered in 0.035250 seconds.
Begin MonoManager ReloadAssembly
Native extension for WindowsStandalone target not found
Refreshing native plugins compatible for Editor in 0.90 ms, found 3 plugins.
Preloading 0 native plugins for Editor in 0.00 ms.
Mono: successfully reloaded assembly
- Completed reload, in  2.195 seconds
Domain Reload Profiling:
	ReloadAssembly (2196ms)
		BeginReloadAssembly (320ms)
			ExecutionOrderSort (0ms)
			DisableScriptedObjects (10ms)
			BackupInstance (0ms)
			ReleaseScriptingObjects (0ms)
			CreateAndSetChildDomain (32ms)
		EndReloadAssembly (1601ms)
			LoadAssemblies (329ms)
			RebuildTransferFunctionScriptingTraits (0ms)
			SetupTypeCache (410ms)
			ReleaseScriptCaches (1ms)
			RebuildScriptCaches (102ms)
			SetupLoadedEditorAssemblies (774ms)
				LogAssemblyErrors (0ms)
				InitializePlatformSupportModulesInManaged (25ms)
				SetLoadedEditorAssemblies (1ms)
				RefreshPlugins (1ms)
				BeforeProcessingInitializeOnLoad (242ms)
				ProcessInitializeOnLoadAttributes (397ms)
				ProcessInitializeOnLoadMethodAttributes (45ms)
				AfterProcessingInitializeOnLoad (63ms)
				EditorAssembliesLoaded (0ms)
			ExecutionOrderSort2 (0ms)
			AwakeInstancesAfterBackupRestoration (19ms)
Platform modules already initialized, skipping
========================================================================
Worker process is ready to serve import requests
Launched and connected shader compiler UnityShaderCompiler.exe after 0.15 seconds
Refreshing native plugins compatible for Editor in 0.78 ms, found 3 plugins.
Preloading 0 native plugins for Editor in 0.00 ms.
Unloading 3782 Unused Serialized files (Serialized files now loaded: 0)
Unloading 46 unused Assets / (182.3 KB). Loaded Objects now: 4237.
Memory consumption went from 135.1 MB to 135.0 MB.
Total: 4.523100 ms (FindLiveObjects: 0.427300 ms CreateObjectMapping: 0.374400 ms MarkObjects: 3.563500 ms  DeleteObjects: 0.156800 ms)

AssetImportParameters requested are different than current active one (requested -> active):
  custom:video-decoder-ogg-theora: a1e56fd34408186e4bbccfd4996cb3dc -> 
  custom:container-muxer-webm: aa71ff27fc2769a1b78a27578f13a17b -> 
  custom:container-demuxer-webm: 4f35f7cbe854078d1ac9338744f61a02 -> 
  custom:video-encoder-webm-vp8: eb34c28f22e8b96e1ab97ce403110664 -> 
  custom:audio-encoder-webm-vorbis: bf7c407c2cedff20999df2af8eb42d56 -> 
  custom:framework-win-MediaFoundation: 216162199b28c13a410421893ffa2e32 -> 
  custom:container-demuxer-ogg: 62fdf1f143b41e24485cea50d1cbac27 -> 
  custom:video-decoder-webm-vp8: 9c59270c3fd7afecdb556c50c9e8de78 -> 
  custom:audio-decoder-ogg-vorbis: bf7c407c2cedff20999df2af8eb42d56 -> 
========================================================================
Received Import Request.
  Time since last request: 683464.145206 seconds.
  path: Assets/Material
  artifactKey: Guid(b8a59d183a10a3146830cd9b835e8fd3) Importer(815301076,1909f56bfc062723c751e8b465ee728b)
Start importing Assets/Material using Guid(b8a59d183a10a3146830cd9b835e8fd3) Importer(815301076,1909f56bfc062723c751e8b465ee728b)  -> (artifact id: '938b13c0b610da44137a5fea9d6b763a') in 0.010036 seconds 
========================================================================
Received Import Request.
  Time since last request: 8.199298 seconds.
  path: Assets/Material/Background.mat
  artifactKey: Guid(298c7f5f65c37cb4fbf6c803db0af503) Importer(815301076,1909f56bfc062723c751e8b465ee728b)
Start importing Assets/Material/Background.mat using Guid(298c7f5f65c37cb4fbf6c803db0af503) Importer(815301076,1909f56bfc062723c751e8b465ee728b)  -> (artifact id: 'e34259da554b050e294e1f31e2b03eb9') in 0.183014 seconds 
========================================================================
Received Import Request.
  Time since last request: 12.680108 seconds.
  path: Assets/2D Background Kit/Texture/Effects/RainFlower_01.mat
  artifactKey: Guid(4cd42b9d9bff2ad46b05b0ff6776934e) Importer(815301076,1909f56bfc062723c751e8b465ee728b)
Start importing Assets/2D Background Kit/Texture/Effects/RainFlower_01.mat using Guid(4cd42b9d9bff2ad46b05b0ff6776934e) Importer(815301076,1909f56bfc062723c751e8b465ee728b)  -> (artifact id: 'cf03d4935c195d6a173d3c45841cf275') in 0.064738 seconds 
========================================================================
Received Import Request.
  Time since last request: 0.000022 seconds.
  path: Assets/2D Background Kit/Texture/Effects/RainFlower_02.mat
  artifactKey: Guid(1527a540d01f07648aa349989e3b7c19) Importer(815301076,1909f56bfc062723c751e8b465ee728b)
Start importing Assets/2D Background Kit/Texture/Effects/RainFlower_02.mat using Guid(1527a540d01f07648aa349989e3b7c19) Importer(815301076,1909f56bfc062723c751e8b465ee728b)  -> (artifact id: '74f7116f4fbe90fd68910b69e0fa4d5c') in 0.019487 seconds 
========================================================================
Received Import Request.
  Time since last request: 0.000028 seconds.
  path: Assets/2D Background Kit/Texture/Effects/SnowTexture.png
  artifactKey: Guid(a3ff4288477023e47881ea6e9112dc5f) Importer(815301076,1909f56bfc062723c751e8b465ee728b)
Start importing Assets/2D Background Kit/Texture/Effects/SnowTexture.png using Guid(a3ff4288477023e47881ea6e9112dc5f) Importer(815301076,1909f56bfc062723c751e8b465ee728b)  -> (artifact id: '22627cc0ce496491a37be6f7faa6f5da') in 0.044426 seconds 
========================================================================
Received Import Request.
  Time since last request: 0.000033 seconds.
  path: Assets/2D Background Kit/Texture/Effects/RainFlower_02.png
  artifactKey: Guid(a37c783b1ab6a7c4abdec527ac9b7bb3) Importer(815301076,1909f56bfc062723c751e8b465ee728b)
Start importing Assets/2D Background Kit/Texture/Effects/RainFlower_02.png using Guid(a37c783b1ab6a7c4abdec527ac9b7bb3) Importer(815301076,1909f56bfc062723c751e8b465ee728b)  -> (artifact id: '07d495661fed877e1218225344eaf69d') in 0.034604 seconds 
========================================================================
Received Import Request.
  Time since last request: 0.000025 seconds.
  path: Assets/2D Background Kit/Texture/Effects/SnowMaterial.mat
  artifactKey: Guid(464980c5fd6b36148990c33e3f53881f) Importer(815301076,1909f56bfc062723c751e8b465ee728b)
Start importing Assets/2D Background Kit/Texture/Effects/SnowMaterial.mat using Guid(464980c5fd6b36148990c33e3f53881f) Importer(815301076,1909f56bfc062723c751e8b465ee728b)  -> (artifact id: '52dea258c2938940c0f604672f0199e4') in 0.056905 seconds 
========================================================================
Received Import Request.
  Time since last request: 0.002541 seconds.
  path: Assets/2D Background Kit/Texture/Effects/RainFlower_03.png
  artifactKey: Guid(975e383abc779b449a19d2f59278b436) Importer(815301076,1909f56bfc062723c751e8b465ee728b)
Start importing Assets/2D Background Kit/Texture/Effects/RainFlower_03.png using Guid(975e383abc779b449a19d2f59278b436) Importer(815301076,1909f56bfc062723c751e8b465ee728b)  -> (artifact id: 'df350845a9b6b7304dc31c906a50c64f') in 0.059879 seconds 
========================================================================
Received Import Request.
  Time since last request: 0.000023 seconds.
  path: Assets/2D Background Kit/Texture/Effects/RainFlower_03.mat
  artifactKey: Guid(4f9b0ed5c7b56504291dee119e1d22f2) Importer(815301076,1909f56bfc062723c751e8b465ee728b)
Start importing Assets/2D Background Kit/Texture/Effects/RainFlower_03.mat using Guid(4f9b0ed5c7b56504291dee119e1d22f2) Importer(815301076,1909f56bfc062723c751e8b465ee728b)  -> (artifact id: 'bf5568790976dd8a0115d793b27cd64a') in 0.022390 seconds 
========================================================================
Received Import Request.
  Time since last request: 5.690723 seconds.
  path: Assets/2D Background Kit/Prefabs/Worlds/Spring/World 4
  artifactKey: Guid(8c306c480a90cfa41b949d564d188e10) Importer(815301076,1909f56bfc062723c751e8b465ee728b)
Start importing Assets/2D Background Kit/Prefabs/Worlds/Spring/World 4 using Guid(8c306c480a90cfa41b949d564d188e10) Importer(815301076,1909f56bfc062723c751e8b465ee728b)  -> (artifact id: '95e4f756debdf8ea459881f78d0fa725') in 0.006897 seconds 
========================================================================
Received Import Request.
  Time since last request: 0.080583 seconds.
  path: Assets/2D Background Kit/Prefabs/Worlds/Spring/World 4/Background World _4.prefab
  artifactKey: Guid(941818e9d8c9b0b49afbc2f79152b523) Importer(815301076,1909f56bfc062723c751e8b465ee728b)
Start importing Assets/2D Background Kit/Prefabs/Worlds/Spring/World 4/Background World _4.prefab using Guid(941818e9d8c9b0b49afbc2f79152b523) Importer(815301076,1909f56bfc062723c751e8b465ee728b)  -> (artifact id: '95c333e054df37c0d3fad1e0fff76b54') in 0.118883 seconds 
========================================================================
Received Import Request.
  Time since last request: 0.000021 seconds.
  path: Assets/2D Background Kit/Prefabs/Worlds/Spring/World 4/SpringWolrd 4 - Chicken.prefab
  artifactKey: Guid(dd67423b843b48144bf9759c023be9eb) Importer(815301076,1909f56bfc062723c751e8b465ee728b)
Start importing Assets/2D Background Kit/Prefabs/Worlds/Spring/World 4/SpringWolrd 4 - Chicken.prefab using Guid(dd67423b843b48144bf9759c023be9eb) Importer(815301076,1909f56bfc062723c751e8b465ee728b)  -> (artifact id: '5b9b2faa7c2a609266562826c15f4d3f') in 0.032092 seconds 
========================================================================
Received Import Request.
  Time since last request: 0.000531 seconds.
  path: Assets/2D Background Kit/Prefabs/Worlds/Spring/World 4/SpringWolrd 4 - Flowers.prefab
  artifactKey: Guid(e0287facec27dce44a46014ed94e935f) Importer(815301076,1909f56bfc062723c751e8b465ee728b)
Start importing Assets/2D Background Kit/Prefabs/Worlds/Spring/World 4/SpringWolrd 4 - Flowers.prefab using Guid(e0287facec27dce44a46014ed94e935f) Importer(815301076,1909f56bfc062723c751e8b465ee728b)  -> (artifact id: '65029dfd51ff545f3519edd4cba9d3ac') in 0.024049 seconds 
========================================================================
Received Import Request.
  Time since last request: 0.000029 seconds.
  path: Assets/2D Background Kit/Prefabs/Worlds/Spring/World 4/SpringWolrd 4 - Block_Largo.prefab
  artifactKey: Guid(fabb8da000c5d7c4bb9773272bf69c21) Importer(815301076,1909f56bfc062723c751e8b465ee728b)
Start importing Assets/2D Background Kit/Prefabs/Worlds/Spring/World 4/SpringWolrd 4 - Block_Largo.prefab using Guid(fabb8da000c5d7c4bb9773272bf69c21) Importer(815301076,1909f56bfc062723c751e8b465ee728b)  -> (artifact id: '45c9477cf936cb61fd0154e1922aa2f3') in 0.050659 seconds 
========================================================================
Received Import Request.
  Time since last request: 0.010170 seconds.
  path: Assets/2D Background Kit/Prefabs/Worlds/Spring/World 4/SpringWolrd 4 - FlowersDecoAnimadas.prefab
  artifactKey: Guid(763f6798244bc8f41959946d0e90e899) Importer(815301076,1909f56bfc062723c751e8b465ee728b)
Start importing Assets/2D Background Kit/Prefabs/Worlds/Spring/World 4/SpringWolrd 4 - FlowersDecoAnimadas.prefab using Guid(763f6798244bc8f41959946d0e90e899) Importer(815301076,1909f56bfc062723c751e8b465ee728b)  -> (artifact id: '2f2cdd6ba82926c28937e69c413ba9a2') in 0.037403 seconds 
========================================================================
Received Import Request.
  Time since last request: 0.000398 seconds.
  path: Assets/2D Background Kit/Prefabs/Worlds/Spring/World 4/SpringWolrd 4 - Tree_01.prefab
  artifactKey: Guid(3fcfed4b2162bcc418dabcf41d815f43) Importer(815301076,1909f56bfc062723c751e8b465ee728b)
Start importing Assets/2D Background Kit/Prefabs/Worlds/Spring/World 4/SpringWolrd 4 - Tree_01.prefab using Guid(3fcfed4b2162bcc418dabcf41d815f43) Importer(815301076,1909f56bfc062723c751e8b465ee728b)  -> (artifact id: 'cbb647982821e8d1aef80209c384f8d3') in 0.056302 seconds 
========================================================================
Received Import Request.
  Time since last request: 1.488346 seconds.
  path: Assets/2D Background Kit/Prefabs/Worlds/Spring/World 3/Background World _3.prefab
  artifactKey: Guid(74dc791e577bbf349bb369c768283aab) Importer(815301076,1909f56bfc062723c751e8b465ee728b)
Start importing Assets/2D Background Kit/Prefabs/Worlds/Spring/World 3/Background World _3.prefab using Guid(74dc791e577bbf349bb369c768283aab) Importer(815301076,1909f56bfc062723c751e8b465ee728b)  -> (artifact id: 'b1e2e2b5b8b3a7d6c027b13ccaaa5d49') in 0.101453 seconds 
========================================================================
Received Import Request.
  Time since last request: 0.000023 seconds.
  path: Assets/2D Background Kit/Prefabs/Worlds/Spring/World 3/SpringWolrd 3 - Eggs.prefab
  artifactKey: Guid(df2033c22f5723e42bdadbd2960d0ff4) Importer(815301076,1909f56bfc062723c751e8b465ee728b)
Start importing Assets/2D Background Kit/Prefabs/Worlds/Spring/World 3/SpringWolrd 3 - Eggs.prefab using Guid(df2033c22f5723e42bdadbd2960d0ff4) Importer(815301076,1909f56bfc062723c751e8b465ee728b)  -> (artifact id: '0744def8e9ccb8be83be12af637d9c93') in 0.061808 seconds 
========================================================================
Received Import Request.
  Time since last request: 0.001517 seconds.
  path: Assets/2D Background Kit/Prefabs/Worlds/Spring/World 3/SpringWolrd 3 - Tree_04.prefab
  artifactKey: Guid(af7ebfbfc90f0b143947fd876c84de9f) Importer(815301076,1909f56bfc062723c751e8b465ee728b)
Start importing Assets/2D Background Kit/Prefabs/Worlds/Spring/World 3/SpringWolrd 3 - Tree_04.prefab using Guid(af7ebfbfc90f0b143947fd876c84de9f) Importer(815301076,1909f56bfc062723c751e8b465ee728b)  -> (artifact id: '6bf8fb8089fdba1f995f830a21192771') in 0.019189 seconds 
========================================================================
Received Import Request.
  Time since last request: 0.000023 seconds.
  path: Assets/2D Background Kit/Prefabs/Worlds/Spring/World 3/SpringWolrd 3 - Tree_03.prefab
  artifactKey: Guid(be06fb203572df6499ddc370c47d158d) Importer(815301076,1909f56bfc062723c751e8b465ee728b)
Start importing Assets/2D Background Kit/Prefabs/Worlds/Spring/World 3/SpringWolrd 3 - Tree_03.prefab using Guid(be06fb203572df6499ddc370c47d158d) Importer(815301076,1909f56bfc062723c751e8b465ee728b)  -> (artifact id: '8c22c38773a33d28229d1a62438ed1b4') in 0.024264 seconds 
========================================================================
Received Import Request.
  Time since last request: 0.000024 seconds.
  path: Assets/2D Background Kit/Prefabs/Worlds/Spring/World 3/SpringWolrd 3 - FlowersDecoAnimadas.prefab
  artifactKey: Guid(01bd2a549fe15ed4c9bf669291fd24cf) Importer(815301076,1909f56bfc062723c751e8b465ee728b)
Start importing Assets/2D Background Kit/Prefabs/Worlds/Spring/World 3/SpringWolrd 3 - FlowersDecoAnimadas.prefab using Guid(01bd2a549fe15ed4c9bf669291fd24cf) Importer(815301076,1909f56bfc062723c751e8b465ee728b)  -> (artifact id: '0887768f568f152a66713b7704cc324f') in 0.030310 seconds 
========================================================================
Received Import Request.
  Time since last request: 0.000023 seconds.
  path: Assets/2D Background Kit/Prefabs/Worlds/Spring/World 3/SpringWolrd 3 - Block_Mediano.prefab
  artifactKey: Guid(da92855ff3197804492a5d2eba10c2f0) Importer(815301076,1909f56bfc062723c751e8b465ee728b)
Start importing Assets/2D Background Kit/Prefabs/Worlds/Spring/World 3/SpringWolrd 3 - Block_Mediano.prefab using Guid(da92855ff3197804492a5d2eba10c2f0) Importer(815301076,1909f56bfc062723c751e8b465ee728b)  -> (artifact id: 'fdc0283c38a1467bd7335355242d08e3') in 0.030556 seconds 
========================================================================
Received Import Request.
  Time since last request: 0.574616 seconds.
  path: Assets/2D Background Kit/Prefabs/Worlds/Spring/World 2/SpringWolrd 2 - Block_corto.prefab
  artifactKey: Guid(fc38ef47f3b98284abc7200b89272b42) Importer(815301076,1909f56bfc062723c751e8b465ee728b)
Start importing Assets/2D Background Kit/Prefabs/Worlds/Spring/World 2/SpringWolrd 2 - Block_corto.prefab using Guid(fc38ef47f3b98284abc7200b89272b42) Importer(815301076,1909f56bfc062723c751e8b465ee728b)  -> (artifact id: 'f2e1684bb4bf6e8538055270b5835386') in 0.046886 seconds 
========================================================================
Received Import Request.
  Time since last request: 0.000031 seconds.
  path: Assets/2D Background Kit/Prefabs/Worlds/Spring/World 2/SpringWolrd 2 - Block_Mediano.prefab
  artifactKey: Guid(55b7a1bf8083980409cba718173a1fb6) Importer(815301076,1909f56bfc062723c751e8b465ee728b)
Start importing Assets/2D Background Kit/Prefabs/Worlds/Spring/World 2/SpringWolrd 2 - Block_Mediano.prefab using Guid(55b7a1bf8083980409cba718173a1fb6) Importer(815301076,1909f56bfc062723c751e8b465ee728b)  -> (artifact id: '2dfdf7f1e5b07013637a59bd54713365') in 0.023782 seconds 
========================================================================
Received Import Request.
  Time since last request: 0.000021 seconds.
  path: Assets/2D Background Kit/Prefabs/Worlds/Spring/World 2/SpringWolrd 2 - GatoDormido.prefab
  artifactKey: Guid(c6f0e9987bb198f418998ce9d5ea2dab) Importer(815301076,1909f56bfc062723c751e8b465ee728b)
Start importing Assets/2D Background Kit/Prefabs/Worlds/Spring/World 2/SpringWolrd 2 - GatoDormido.prefab using Guid(c6f0e9987bb198f418998ce9d5ea2dab) Importer(815301076,1909f56bfc062723c751e8b465ee728b)  -> (artifact id: '1170a345ef08ea3428747fe9d936368b') in 0.035017 seconds 
========================================================================
Received Import Request.
  Time since last request: 0.000029 seconds.
  path: Assets/2D Background Kit/Prefabs/Worlds/Spring/World 2/SpringWolrd 2 - Chicken.prefab
  artifactKey: Guid(8389de59ff8ccb34a9348baa5bf2ebb4) Importer(815301076,1909f56bfc062723c751e8b465ee728b)
Start importing Assets/2D Background Kit/Prefabs/Worlds/Spring/World 2/SpringWolrd 2 - Chicken.prefab using Guid(8389de59ff8ccb34a9348baa5bf2ebb4) Importer(815301076,1909f56bfc062723c751e8b465ee728b)  -> (artifact id: 'a4a9811d58610f41b5cf190751f34096') in 0.031146 seconds 
========================================================================
Received Import Request.
  Time since last request: 0.000037 seconds.
  path: Assets/2D Background Kit/Prefabs/Worlds/Spring/World 2/SpringWolrd 2 - Tree_03.prefab
  artifactKey: Guid(87e4ccbc94673e649aeb4fbc808edc44) Importer(815301076,1909f56bfc062723c751e8b465ee728b)
Start importing Assets/2D Background Kit/Prefabs/Worlds/Spring/World 2/SpringWolrd 2 - Tree_03.prefab using Guid(87e4ccbc94673e649aeb4fbc808edc44) Importer(815301076,1909f56bfc062723c751e8b465ee728b)  -> (artifact id: '110ffb392fcc1a58d2df76373da48d48') in 0.017894 seconds 
========================================================================
Received Import Request.
  Time since last request: 0.000029 seconds.
  path: Assets/2D Background Kit/Prefabs/Worlds/Spring/World 2/SpringWolrd 2 - Flowers.prefab
  artifactKey: Guid(a40ca2283d109ea45a8c34cd42a1107e) Importer(815301076,1909f56bfc062723c751e8b465ee728b)
Start importing Assets/2D Background Kit/Prefabs/Worlds/Spring/World 2/SpringWolrd 2 - Flowers.prefab using Guid(a40ca2283d109ea45a8c34cd42a1107e) Importer(815301076,1909f56bfc062723c751e8b465ee728b)  -> (artifact id: 'e8741a22f74ccd5977a49542f7ce5549') in 0.022332 seconds 
========================================================================
Received Import Request.
  Time since last request: 0.137916 seconds.
  path: Assets/2D Background Kit/Prefabs/Worlds/Spring/World 1/Background World _1.prefab
  artifactKey: Guid(61333b96e6d8a8e4ca40ebc7f5c55923) Importer(815301076,1909f56bfc062723c751e8b465ee728b)
Start importing Assets/2D Background Kit/Prefabs/Worlds/Spring/World 1/Background World _1.prefab using Guid(61333b96e6d8a8e4ca40ebc7f5c55923) Importer(815301076,1909f56bfc062723c751e8b465ee728b)  -> (artifact id: '22da8d841a46d380e1fea0add1b195fb') in 0.032179 seconds 
========================================================================
Received Import Request.
  Time since last request: 0.000088 seconds.
  path: Assets/2D Background Kit/Prefabs/Worlds/Spring/World 1/SpringWolrd 1 - Eggs.prefab
  artifactKey: Guid(6854e08ff9bf0dd4e9fdb87248982a6d) Importer(815301076,1909f56bfc062723c751e8b465ee728b)
Start importing Assets/2D Background Kit/Prefabs/Worlds/Spring/World 1/SpringWolrd 1 - Eggs.prefab using Guid(6854e08ff9bf0dd4e9fdb87248982a6d) Importer(815301076,1909f56bfc062723c751e8b465ee728b)  -> (artifact id: 'a9f6fbe5a78a200a0ebd9df4acc4ef1a') in 0.023360 seconds 
========================================================================
Received Import Request.
  Time since last request: 0.001064 seconds.
  path: Assets/2D Background Kit/Prefabs/Worlds/Spring/World 1/SpringWolrd 1 - Chicken.prefab
  artifactKey: Guid(927847c551964764aabc32203083f707) Importer(815301076,1909f56bfc062723c751e8b465ee728b)
Start importing Assets/2D Background Kit/Prefabs/Worlds/Spring/World 1/SpringWolrd 1 - Chicken.prefab using Guid(927847c551964764aabc32203083f707) Importer(815301076,1909f56bfc062723c751e8b465ee728b)  -> (artifact id: 'da5b2afdb229767bdfd1639ac203707a') in 0.039744 seconds 
========================================================================
Received Import Request.
  Time since last request: 0.000028 seconds.
  path: Assets/2D Background Kit/Prefabs/Worlds/Spring/World 1/SpringWolrd 1 - Tree_03.prefab
  artifactKey: Guid(b8df7886f10aa9b46874f8f196fcb513) Importer(815301076,1909f56bfc062723c751e8b465ee728b)
Start importing Assets/2D Background Kit/Prefabs/Worlds/Spring/World 1/SpringWolrd 1 - Tree_03.prefab using Guid(b8df7886f10aa9b46874f8f196fcb513) Importer(815301076,1909f56bfc062723c751e8b465ee728b)  -> (artifact id: '9f613db1300eed3f3b40f1448c509002') in 0.040292 seconds 
========================================================================
Received Import Request.
  Time since last request: 0.004138 seconds.
  path: Assets/2D Background Kit/Prefabs/Worlds/Spring/World 1/SpringWolrd 1 - Block_Largo.prefab
  artifactKey: Guid(d62b05a4daa931b4dad72bbc165b2d81) Importer(815301076,1909f56bfc062723c751e8b465ee728b)
Start importing Assets/2D Background Kit/Prefabs/Worlds/Spring/World 1/SpringWolrd 1 - Block_Largo.prefab using Guid(d62b05a4daa931b4dad72bbc165b2d81) Importer(815301076,1909f56bfc062723c751e8b465ee728b)  -> (artifact id: '553193fb82d3e07705ee81aa62f62bbc') in 0.024827 seconds 
========================================================================
Received Import Request.
  Time since last request: 5.303230 seconds.
  path: Assets/2D Background Kit/Texture/World/Spring/World 1/Bloque_2.png
  artifactKey: Guid(e408117e8a2b59c489b70e803a98b55a) Importer(815301076,1909f56bfc062723c751e8b465ee728b)
Start importing Assets/2D Background Kit/Texture/World/Spring/World 1/Bloque_2.png using Guid(e408117e8a2b59c489b70e803a98b55a) Importer(815301076,1909f56bfc062723c751e8b465ee728b)  -> (artifact id: '84b4075107600621b60969bd808d7215') in 0.021072 seconds 
========================================================================
Received Import Request.
  Time since last request: 0.000022 seconds.
  path: Assets/2D Background Kit/Texture/World/Spring/World 1/FondoDelante.mat
  artifactKey: Guid(cd27feddc13ab67428603c8e595f6a0b) Importer(815301076,1909f56bfc062723c751e8b465ee728b)
Start importing Assets/2D Background Kit/Texture/World/Spring/World 1/FondoDelante.mat using Guid(cd27feddc13ab67428603c8e595f6a0b) Importer(815301076,1909f56bfc062723c751e8b465ee728b)  -> (artifact id: '691d958735e2746f652648028b84bf20') in 0.025150 seconds 
========================================================================
Received Import Request.
  Time since last request: 0.000029 seconds.
  path: Assets/2D Background Kit/Texture/World/Spring/World 1/FondoLejos.mat
  artifactKey: Guid(10ceb3d8ef6a0c6469151508e9eb7083) Importer(815301076,1909f56bfc062723c751e8b465ee728b)
Start importing Assets/2D Background Kit/Texture/World/Spring/World 1/FondoLejos.mat using Guid(10ceb3d8ef6a0c6469151508e9eb7083) Importer(815301076,1909f56bfc062723c751e8b465ee728b)  -> (artifact id: '3f1733ed7252219f995184a124511267') in 0.026927 seconds 
========================================================================
Received Import Request.
  Time since last request: 0.000032 seconds.
  path: Assets/2D Background Kit/Texture/World/Spring/World 1/FondoLejos.png
  artifactKey: Guid(d3743c11b90a34040aa1128b50a35335) Importer(815301076,1909f56bfc062723c751e8b465ee728b)
Start importing Assets/2D Background Kit/Texture/World/Spring/World 1/FondoLejos.png using Guid(d3743c11b90a34040aa1128b50a35335) Importer(815301076,1909f56bfc062723c751e8b465ee728b)  -> (artifact id: '4784f99e949420e09903c639bf4a60a7') in 0.037446 seconds 
========================================================================
Received Import Request.
  Time since last request: 0.143418 seconds.
  path: Assets/2D Background Kit/Texture/World/Spring/World 3/Bloque_2_3.png
  artifactKey: Guid(5ae4f9f7a997c6c42b1089b0857478ff) Importer(815301076,1909f56bfc062723c751e8b465ee728b)
Start importing Assets/2D Background Kit/Texture/World/Spring/World 3/Bloque_2_3.png using Guid(5ae4f9f7a997c6c42b1089b0857478ff) Importer(815301076,1909f56bfc062723c751e8b465ee728b)  -> (artifact id: '505e4d1004749cecd619c2d444d6ccbb') in 0.021393 seconds 
========================================================================
Received Import Request.
  Time since last request: 0.000026 seconds.
  path: Assets/2D Background Kit/Texture/World/Spring/World 3/FondoLejos_3.png
  artifactKey: Guid(481c4f9cb94eda944a0a42634be1149d) Importer(815301076,1909f56bfc062723c751e8b465ee728b)
Start importing Assets/2D Background Kit/Texture/World/Spring/World 3/FondoLejos_3.png using Guid(481c4f9cb94eda944a0a42634be1149d) Importer(815301076,1909f56bfc062723c751e8b465ee728b)  -> (artifact id: 'dc6214d0585d4aa3d0697c4c2739762d') in 0.021576 seconds 
========================================================================
Received Import Request.
  Time since last request: 0.000031 seconds.
  path: Assets/2D Background Kit/Texture/World/Spring/World 3/FondoLejos_3.mat
  artifactKey: Guid(e8d501c73629a434681dbd3ed66b109a) Importer(815301076,1909f56bfc062723c751e8b465ee728b)
Start importing Assets/2D Background Kit/Texture/World/Spring/World 3/FondoLejos_3.mat using Guid(e8d501c73629a434681dbd3ed66b109a) Importer(815301076,1909f56bfc062723c751e8b465ee728b)  -> (artifact id: '24d5b25ab53e7719e29e49c58306ab49') in 0.021494 seconds 
========================================================================
Received Import Request.
  Time since last request: 8.276833 seconds.
  path: Assets/2D Background Kit/Texture/World/Spring/World 4/Bloque_2_4.png
  artifactKey: Guid(b077f97baed5085459ee7144c4e55274) Importer(815301076,1909f56bfc062723c751e8b465ee728b)
Start importing Assets/2D Background Kit/Texture/World/Spring/World 4/Bloque_2_4.png using Guid(b077f97baed5085459ee7144c4e55274) Importer(815301076,1909f56bfc062723c751e8b465ee728b)  -> (artifact id: 'd2118ae019ea8f061a8d657450a337ba') in 0.021037 seconds 
========================================================================
Received Import Request.
  Time since last request: 0.000020 seconds.
  path: Assets/2D Background Kit/Texture/World/Spring/World 4/FondoLejos_4.png
  artifactKey: Guid(e763fa8e84cd6fa4fb53d5d076747afa) Importer(815301076,1909f56bfc062723c751e8b465ee728b)
Start importing Assets/2D Background Kit/Texture/World/Spring/World 4/FondoLejos_4.png using Guid(e763fa8e84cd6fa4fb53d5d076747afa) Importer(815301076,1909f56bfc062723c751e8b465ee728b)  -> (artifact id: '7a49e8fbb6bdd2f874e07a7b690d4aa3') in 0.022263 seconds 
========================================================================
Received Import Request.
  Time since last request: 0.000024 seconds.
  path: Assets/2D Background Kit/Texture/World/Spring/World 4/FondoCerca_4.mat
  artifactKey: Guid(016c51f3d0807a14a8668d757ee89e46) Importer(815301076,1909f56bfc062723c751e8b465ee728b)
Start importing Assets/2D Background Kit/Texture/World/Spring/World 4/FondoCerca_4.mat using Guid(016c51f3d0807a14a8668d757ee89e46) Importer(815301076,1909f56bfc062723c751e8b465ee728b)  -> (artifact id: '366ce679ab54f0e01e6678da64f18f8b') in 0.032440 seconds 
========================================================================
Received Import Request.
  Time since last request: 87.470860 seconds.
  path: Assets/Material/Background.mat
  artifactKey: Guid(298c7f5f65c37cb4fbf6c803db0af503) Importer(815301076,1909f56bfc062723c751e8b465ee728b)
Start importing Assets/Material/Background.mat using Guid(298c7f5f65c37cb4fbf6c803db0af503) Importer(815301076,1909f56bfc062723c751e8b465ee728b)  -> (artifact id: 'a86bf745c4ac21af64f6283929ebf89c') in 0.111614 seconds 
========================================================================
Received Import Request.
  Time since last request: 8.898523 seconds.
  path: Assets/Scenes/SampleScene.unity
  artifactKey: Guid(9fc0d4010bbf28b4594072e72b8655ab) Importer(815301076,1909f56bfc062723c751e8b465ee728b)
Start importing Assets/Scenes/SampleScene.unity using Guid(9fc0d4010bbf28b4594072e72b8655ab) Importer(815301076,1909f56bfc062723c751e8b465ee728b)  -> (artifact id: '715a380d78110f32317553a03d8ad12b') in 0.007531 seconds 
========================================================================
Received Import Request.
  Time since last request: 0.734955 seconds.
  path: Assets/Scenes/NickName.unity
  artifactKey: Guid(d2668217c7ab69c41bc5869e0a35a074) Importer(815301076,1909f56bfc062723c751e8b465ee728b)
Start importing Assets/Scenes/NickName.unity using Guid(d2668217c7ab69c41bc5869e0a35a074) Importer(815301076,1909f56bfc062723c751e8b465ee728b)  -> (artifact id: 'cd499809b3f7c764f43af9e0b27f2b0c') in 0.005570 seconds 
========================================================================
Received Import Request.
  Time since last request: 22.280609 seconds.
  path: Assets/Scenes/StartScene.unity
  artifactKey: Guid(c6c23dc083680434eaa07cc3a21459e6) Importer(815301076,1909f56bfc062723c751e8b465ee728b)
Start importing Assets/Scenes/StartScene.unity using Guid(c6c23dc083680434eaa07cc3a21459e6) Importer(815301076,1909f56bfc062723c751e8b465ee728b)  -> (artifact id: '6a09d4cbe1f42972f268890064ecf640') in 0.005724 seconds 
========================================================================
Received Import Request.
  Time since last request: 46.124653 seconds.
  path: Assets/Scenes/StartScene.unity
  artifactKey: Guid(c6c23dc083680434eaa07cc3a21459e6) Importer(815301076,1909f56bfc062723c751e8b465ee728b)
Start importing Assets/Scenes/StartScene.unity using Guid(c6c23dc083680434eaa07cc3a21459e6) Importer(815301076,1909f56bfc062723c751e8b465ee728b)  -> (artifact id: '7f87e51f35656417f99f4ef389d35a80') in 0.004904 seconds 
========================================================================
Received Import Request.
  Time since last request: 228.145778 seconds.
  path: Assets/Resources/BMJUA_ttf.ttf
  artifactKey: Guid(8e3668d9e80c69a4cb8f19dfee165fe8) Importer(815301076,1909f56bfc062723c751e8b465ee728b)
Start importing Assets/Resources/BMJUA_ttf.ttf using Guid(8e3668d9e80c69a4cb8f19dfee165fe8) Importer(815301076,1909f56bfc062723c751e8b465ee728b)  -> (artifact id: 'b3aac4e08cfdf74da83695315f0f8389') in 0.058976 seconds 
========================================================================
Received Import Request.
  Time since last request: 0.000024 seconds.
  path: Assets/Resources/배민폰트.asset
  artifactKey: Guid(5120ecaf41f99fd4b86f8d7bc888c80d) Importer(815301076,1909f56bfc062723c751e8b465ee728b)
Start importing Assets/Resources/배민폰트.asset using Guid(5120ecaf41f99fd4b86f8d7bc888c80d) Importer(815301076,1909f56bfc062723c751e8b465ee728b)  -> (artifact id: '4fb31f6caacae39796520cbcadf4674e') in 0.517500 seconds 
========================================================================
Received Import Request.
  Time since last request: 0.649657 seconds.
  path: Assets/Scripts
  artifactKey: Guid(731951978cd3f3b4aad5c94bc1bf016b) Importer(815301076,1909f56bfc062723c751e8b465ee728b)
Start importing Assets/Scripts using Guid(731951978cd3f3b4aad5c94bc1bf016b) Importer(815301076,1909f56bfc062723c751e8b465ee728b)  -> (artifact id: '9424cc27737eff8ecc4935391f9e1c2d') in 0.005738 seconds 
========================================================================
Received Import Request.
  Time since last request: 9.045368 seconds.
  path: Assets/Scripts/StartScene.cs
  artifactKey: Guid(b1aa4bf2c3dd90b46a505ce6cfce6bc2) Importer(815301076,1909f56bfc062723c751e8b465ee728b)
Start importing Assets/Scripts/StartScene.cs using Guid(b1aa4bf2c3dd90b46a505ce6cfce6bc2) Importer(815301076,1909f56bfc062723c751e8b465ee728b)  -> (artifact id: '4df89f96818973837adf7566c764639d') in 0.023147 seconds 
========================================================================
Received Prepare
Registering precompiled user dll's ...
Registered in 0.039212 seconds.
Begin MonoManager ReloadAssembly
Native extension for WindowsStandalone target not found
Refreshing native plugins compatible for Editor in 0.77 ms, found 3 plugins.
Preloading 0 native plugins for Editor in 0.00 ms.
Mono: successfully reloaded assembly
- Completed reload, in  1.862 seconds
Domain Reload Profiling:
	ReloadAssembly (1863ms)
		BeginReloadAssembly (302ms)
			ExecutionOrderSort (0ms)
			DisableScriptedObjects (6ms)
			BackupInstance (0ms)
			ReleaseScriptingObjects (0ms)
			CreateAndSetChildDomain (49ms)
		EndReloadAssembly (1342ms)
			LoadAssemblies (282ms)
			RebuildTransferFunctionScriptingTraits (0ms)
			SetupTypeCache (353ms)
			ReleaseScriptCaches (2ms)
			RebuildScriptCaches (65ms)
			SetupLoadedEditorAssemblies (640ms)
				LogAssemblyErrors (0ms)
				InitializePlatformSupportModulesInManaged (30ms)
				SetLoadedEditorAssemblies (1ms)
				RefreshPlugins (1ms)
				BeforeProcessingInitializeOnLoad (205ms)
				ProcessInitializeOnLoadAttributes (299ms)
				ProcessInitializeOnLoadMethodAttributes (47ms)
				AfterProcessingInitializeOnLoad (57ms)
				EditorAssembliesLoaded (0ms)
			ExecutionOrderSort2 (0ms)
			AwakeInstancesAfterBackupRestoration (17ms)
Platform modules already initialized, skipping
Refreshing native plugins compatible for Editor in 7.22 ms, found 3 plugins.
Preloading 0 native plugins for Editor in 0.00 ms.
Unloading 3762 Unused Serialized files (Serialized files now loaded: 0)
Unloading 26 unused Assets / (150.0 KB). Loaded Objects now: 4309.
Memory consumption went from 138.5 MB to 138.3 MB.
Total: 4.919000 ms (FindLiveObjects: 0.312200 ms CreateObjectMapping: 0.277100 ms MarkObjects: 4.201300 ms  DeleteObjects: 0.127300 ms)

AssetImportParameters requested are different than current active one (requested -> active):
  custom:video-decoder-ogg-theora: a1e56fd34408186e4bbccfd4996cb3dc -> 
  custom:container-muxer-webm: aa71ff27fc2769a1b78a27578f13a17b -> 
  custom:container-demuxer-webm: 4f35f7cbe854078d1ac9338744f61a02 -> 
  custom:video-encoder-webm-vp8: eb34c28f22e8b96e1ab97ce403110664 -> 
  custom:audio-encoder-webm-vorbis: bf7c407c2cedff20999df2af8eb42d56 -> 
  custom:framework-win-MediaFoundation: 216162199b28c13a410421893ffa2e32 -> 
  custom:container-demuxer-ogg: 62fdf1f143b41e24485cea50d1cbac27 -> 
  custom:video-decoder-webm-vp8: 9c59270c3fd7afecdb556c50c9e8de78 -> 
  custom:audio-decoder-ogg-vorbis: bf7c407c2cedff20999df2af8eb42d56 -> 
========================================================================
Received Import Request.
  Time since last request: 55.939655 seconds.
  path: Assets/Scripts/StartScene.cs
  artifactKey: Guid(b1aa4bf2c3dd90b46a505ce6cfce6bc2) Importer(815301076,1909f56bfc062723c751e8b465ee728b)
Start importing Assets/Scripts/StartScene.cs using Guid(b1aa4bf2c3dd90b46a505ce6cfce6bc2) Importer(815301076,1909f56bfc062723c751e8b465ee728b)  -> (artifact id: '1d7635a3d69d88b361e577354aad2351') in 0.013259 seconds 
========================================================================
Received Import Request.
  Time since last request: 19.512686 seconds.
  path: Assets/Scripts/StartScene.cs
  artifactKey: Guid(b1aa4bf2c3dd90b46a505ce6cfce6bc2) Importer(815301076,1909f56bfc062723c751e8b465ee728b)
Start importing Assets/Scripts/StartScene.cs using Guid(b1aa4bf2c3dd90b46a505ce6cfce6bc2) Importer(815301076,1909f56bfc062723c751e8b465ee728b)  -> (artifact id: '7c1f78b34b3464305ff758f03487ca7c') in 0.005371 seconds 
========================================================================
Received Import Request.
  Time since last request: 34.776643 seconds.
  path: Assets/Scripts/StartScene.cs
  artifactKey: Guid(b1aa4bf2c3dd90b46a505ce6cfce6bc2) Importer(815301076,1909f56bfc062723c751e8b465ee728b)
Start importing Assets/Scripts/StartScene.cs using Guid(b1aa4bf2c3dd90b46a505ce6cfce6bc2) Importer(815301076,1909f56bfc062723c751e8b465ee728b)  -> (artifact id: '18494ea442207c7a2338e2dfe0db7cd8') in 0.006926 seconds 
========================================================================
Received Import Request.
  Time since last request: 13.330723 seconds.
  path: Assets/Scripts/StartScene.cs
  artifactKey: Guid(b1aa4bf2c3dd90b46a505ce6cfce6bc2) Importer(815301076,1909f56bfc062723c751e8b465ee728b)
Start importing Assets/Scripts/StartScene.cs using Guid(b1aa4bf2c3dd90b46a505ce6cfce6bc2) Importer(815301076,1909f56bfc062723c751e8b465ee728b)  -> (artifact id: 'd4490dd28c79c8790e994fe42083592f') in 0.007762 seconds 
========================================================================
Received Prepare
Registering precompiled user dll's ...
Registered in 0.033785 seconds.
Begin MonoManager ReloadAssembly
Native extension for WindowsStandalone target not found
Refreshing native plugins compatible for Editor in 0.73 ms, found 3 plugins.
Preloading 0 native plugins for Editor in 0.00 ms.
Mono: successfully reloaded assembly
- Completed reload, in  2.077 seconds
Domain Reload Profiling:
	ReloadAssembly (2078ms)
		BeginReloadAssembly (319ms)
			ExecutionOrderSort (0ms)
			DisableScriptedObjects (5ms)
			BackupInstance (0ms)
			ReleaseScriptingObjects (0ms)
			CreateAndSetChildDomain (47ms)
		EndReloadAssembly (1516ms)
			LoadAssemblies (306ms)
			RebuildTransferFunctionScriptingTraits (0ms)
			SetupTypeCache (382ms)
			ReleaseScriptCaches (2ms)
			RebuildScriptCaches (53ms)
			SetupLoadedEditorAssemblies (782ms)
				LogAssemblyErrors (0ms)
				InitializePlatformSupportModulesInManaged (31ms)
				SetLoadedEditorAssemblies (1ms)
				RefreshPlugins (1ms)
				BeforeProcessingInitializeOnLoad (225ms)
				ProcessInitializeOnLoadAttributes (386ms)
				ProcessInitializeOnLoadMethodAttributes (60ms)
				AfterProcessingInitializeOnLoad (78ms)
				EditorAssembliesLoaded (0ms)
			ExecutionOrderSort2 (0ms)
			AwakeInstancesAfterBackupRestoration (19ms)
Platform modules already initialized, skipping
Refreshing native plugins compatible for Editor in 6.09 ms, found 3 plugins.
Preloading 0 native plugins for Editor in 0.00 ms.
Unloading 3762 Unused Serialized files (Serialized files now loaded: 0)
Unloading 26 unused Assets / (150.0 KB). Loaded Objects now: 4325.
Memory consumption went from 138.5 MB to 138.3 MB.
Total: 4.777000 ms (FindLiveObjects: 0.908400 ms CreateObjectMapping: 0.754400 ms MarkObjects: 3.001100 ms  DeleteObjects: 0.112400 ms)

AssetImportParameters requested are different than current active one (requested -> active):
  custom:video-decoder-ogg-theora: a1e56fd34408186e4bbccfd4996cb3dc -> 
  custom:container-muxer-webm: aa71ff27fc2769a1b78a27578f13a17b -> 
  custom:container-demuxer-webm: 4f35f7cbe854078d1ac9338744f61a02 -> 
  custom:video-encoder-webm-vp8: eb34c28f22e8b96e1ab97ce403110664 -> 
  custom:audio-encoder-webm-vorbis: bf7c407c2cedff20999df2af8eb42d56 -> 
  custom:framework-win-MediaFoundation: 216162199b28c13a410421893ffa2e32 -> 
  custom:container-demuxer-ogg: 62fdf1f143b41e24485cea50d1cbac27 -> 
  custom:video-decoder-webm-vp8: 9c59270c3fd7afecdb556c50c9e8de78 -> 
  custom:audio-decoder-ogg-vorbis: bf7c407c2cedff20999df2af8eb42d56 -> 
========================================================================
Received Prepare
Registering precompiled user dll's ...
Registered in 0.035677 seconds.
Begin MonoManager ReloadAssembly
Native extension for WindowsStandalone target not found
Refreshing native plugins compatible for Editor in 0.96 ms, found 3 plugins.
Preloading 0 native plugins for Editor in 0.00 ms.
Mono: successfully reloaded assembly
- Completed reload, in  2.165 seconds
Domain Reload Profiling:
	ReloadAssembly (2166ms)
		BeginReloadAssembly (499ms)
			ExecutionOrderSort (0ms)
			DisableScriptedObjects (12ms)
			BackupInstance (0ms)
			ReleaseScriptingObjects (0ms)
			CreateAndSetChildDomain (90ms)
		EndReloadAssembly (1456ms)
			LoadAssemblies (333ms)
			RebuildTransferFunctionScriptingTraits (0ms)
			SetupTypeCache (396ms)
			ReleaseScriptCaches (2ms)
			RebuildScriptCaches (66ms)
			SetupLoadedEditorAssemblies (686ms)
				LogAssemblyErrors (0ms)
				InitializePlatformSupportModulesInManaged (32ms)
				SetLoadedEditorAssemblies (1ms)
				RefreshPlugins (1ms)
				BeforeProcessingInitializeOnLoad (207ms)
				ProcessInitializeOnLoadAttributes (332ms)
				ProcessInitializeOnLoadMethodAttributes (49ms)
				AfterProcessingInitializeOnLoad (64ms)
				EditorAssembliesLoaded (0ms)
			ExecutionOrderSort2 (0ms)
			AwakeInstancesAfterBackupRestoration (16ms)
Platform modules already initialized, skipping
Refreshing native plugins compatible for Editor in 7.82 ms, found 3 plugins.
Preloading 0 native plugins for Editor in 0.00 ms.
Unloading 3762 Unused Serialized files (Serialized files now loaded: 0)
Unloading 26 unused Assets / (150.0 KB). Loaded Objects now: 4341.
Memory consumption went from 138.5 MB to 138.4 MB.
Total: 4.505600 ms (FindLiveObjects: 0.322300 ms CreateObjectMapping: 0.280600 ms MarkObjects: 3.773400 ms  DeleteObjects: 0.128200 ms)

AssetImportParameters requested are different than current active one (requested -> active):
  custom:video-decoder-ogg-theora: a1e56fd34408186e4bbccfd4996cb3dc -> 
  custom:container-muxer-webm: aa71ff27fc2769a1b78a27578f13a17b -> 
  custom:container-demuxer-webm: 4f35f7cbe854078d1ac9338744f61a02 -> 
  custom:video-encoder-webm-vp8: eb34c28f22e8b96e1ab97ce403110664 -> 
  custom:audio-encoder-webm-vorbis: bf7c407c2cedff20999df2af8eb42d56 -> 
  custom:framework-win-MediaFoundation: 216162199b28c13a410421893ffa2e32 -> 
  custom:container-demuxer-ogg: 62fdf1f143b41e24485cea50d1cbac27 -> 
  custom:video-decoder-webm-vp8: 9c59270c3fd7afecdb556c50c9e8de78 -> 
  custom:audio-decoder-ogg-vorbis: bf7c407c2cedff20999df2af8eb42d56 -> 
========================================================================
Received Prepare
Registering precompiled user dll's ...
Registered in 0.033630 seconds.
Begin MonoManager ReloadAssembly
Native extension for WindowsStandalone target not found
Refreshing native plugins compatible for Editor in 0.75 ms, found 3 plugins.
Preloading 0 native plugins for Editor in 0.00 ms.
Mono: successfully reloaded assembly
- Completed reload, in  2.159 seconds
Domain Reload Profiling:
	ReloadAssembly (2160ms)
		BeginReloadAssembly (405ms)
			ExecutionOrderSort (0ms)
			DisableScriptedObjects (6ms)
			BackupInstance (0ms)
			ReleaseScriptingObjects (0ms)
			CreateAndSetChildDomain (73ms)
		EndReloadAssembly (1505ms)
			LoadAssemblies (331ms)
			RebuildTransferFunctionScriptingTraits (0ms)
			SetupTypeCache (466ms)
			ReleaseScriptCaches (1ms)
			RebuildScriptCaches (55ms)
			SetupLoadedEditorAssemblies (676ms)
				LogAssemblyErrors (0ms)
				InitializePlatformSupportModulesInManaged (32ms)
				SetLoadedEditorAssemblies (1ms)
				RefreshPlugins (1ms)
				BeforeProcessingInitializeOnLoad (217ms)
				ProcessInitializeOnLoadAttributes (315ms)
				ProcessInitializeOnLoadMethodAttributes (46ms)
				AfterProcessingInitializeOnLoad (64ms)
				EditorAssembliesLoaded (0ms)
			ExecutionOrderSort2 (0ms)
			AwakeInstancesAfterBackupRestoration (16ms)
Platform modules already initialized, skipping
Refreshing native plugins compatible for Editor in 5.67 ms, found 3 plugins.
Preloading 0 native plugins for Editor in 0.00 ms.
Unloading 3762 Unused Serialized files (Serialized files now loaded: 0)
Unloading 26 unused Assets / (150.1 KB). Loaded Objects now: 4357.
Memory consumption went from 138.5 MB to 138.4 MB.
Total: 3.348100 ms (FindLiveObjects: 0.396300 ms CreateObjectMapping: 0.211100 ms MarkObjects: 2.607500 ms  DeleteObjects: 0.132200 ms)

AssetImportParameters requested are different than current active one (requested -> active):
  custom:video-decoder-ogg-theora: a1e56fd34408186e4bbccfd4996cb3dc -> 
  custom:container-muxer-webm: aa71ff27fc2769a1b78a27578f13a17b -> 
  custom:container-demuxer-webm: 4f35f7cbe854078d1ac9338744f61a02 -> 
  custom:video-encoder-webm-vp8: eb34c28f22e8b96e1ab97ce403110664 -> 
  custom:audio-encoder-webm-vorbis: bf7c407c2cedff20999df2af8eb42d56 -> 
  custom:framework-win-MediaFoundation: 216162199b28c13a410421893ffa2e32 -> 
  custom:container-demuxer-ogg: 62fdf1f143b41e24485cea50d1cbac27 -> 
  custom:video-decoder-webm-vp8: 9c59270c3fd7afecdb556c50c9e8de78 -> 
  custom:audio-decoder-ogg-vorbis: bf7c407c2cedff20999df2af8eb42d56 -> 
========================================================================
Received Import Request.
  Time since last request: 91.611514 seconds.
  path: Assets/Photon/PhotonUnityNetworking/Demos/DemoSlotRacer/Kenney Assets/Stylized city/Materials/22 - Default.mat
  artifactKey: Guid(86080a783905b5740ad2b81f63a2c650) Importer(815301076,1909f56bfc062723c751e8b465ee728b)
Start importing Assets/Photon/PhotonUnityNetworking/Demos/DemoSlotRacer/Kenney Assets/Stylized city/Materials/22 - Default.mat using Guid(86080a783905b5740ad2b81f63a2c650) Importer(815301076,1909f56bfc062723c751e8b465ee728b)  -> (artifact id: 'f16cf804dc25ab5c531e8699c9baf606') in 0.114637 seconds 
========================================================================
Received Import Request.
  Time since last request: 0.000026 seconds.
  path: Assets/Photon/PhotonUnityNetworking/Demos/DemoSlotRacer/Kenney Assets/Racing Kit/Models/Materials/_defaultMat.mat
  artifactKey: Guid(f0a6a86e908f6204ab518387a784ed36) Importer(815301076,1909f56bfc062723c751e8b465ee728b)
Start importing Assets/Photon/PhotonUnityNetworking/Demos/DemoSlotRacer/Kenney Assets/Racing Kit/Models/Materials/_defaultMat.mat using Guid(f0a6a86e908f6204ab518387a784ed36) Importer(815301076,1909f56bfc062723c751e8b465ee728b)  -> (artifact id: '3996d49ebde99659d3bafb5039f010d2') in 0.022418 seconds 
========================================================================
Received Prepare
Registering precompiled user dll's ...
Registered in 0.038290 seconds.
Begin MonoManager ReloadAssembly
Native extension for WindowsStandalone target not found
Refreshing native plugins compatible for Editor in 0.76 ms, found 3 plugins.
Preloading 0 native plugins for Editor in 0.00 ms.
Mono: successfully reloaded assembly
- Completed reload, in  1.981 seconds
Domain Reload Profiling:
	ReloadAssembly (1982ms)
		BeginReloadAssembly (335ms)
			ExecutionOrderSort (0ms)
			DisableScriptedObjects (6ms)
			BackupInstance (0ms)
			ReleaseScriptingObjects (0ms)
			CreateAndSetChildDomain (52ms)
		EndReloadAssembly (1426ms)
			LoadAssemblies (297ms)
			RebuildTransferFunctionScriptingTraits (0ms)
			SetupTypeCache (367ms)
			ReleaseScriptCaches (2ms)
			RebuildScriptCaches (63ms)
			SetupLoadedEditorAssemblies (682ms)
				LogAssemblyErrors (0ms)
				InitializePlatformSupportModulesInManaged (35ms)
				SetLoadedEditorAssemblies (1ms)
				RefreshPlugins (1ms)
				BeforeProcessingInitializeOnLoad (208ms)
				ProcessInitializeOnLoadAttributes (335ms)
				ProcessInitializeOnLoadMethodAttributes (40ms)
				AfterProcessingInitializeOnLoad (62ms)
				EditorAssembliesLoaded (0ms)
			ExecutionOrderSort2 (0ms)
			AwakeInstancesAfterBackupRestoration (16ms)
Platform modules already initialized, skipping
Refreshing native plugins compatible for Editor in 6.02 ms, found 3 plugins.
Preloading 0 native plugins for Editor in 0.00 ms.
Unloading 3762 Unused Serialized files (Serialized files now loaded: 0)
Unloading 26 unused Assets / (150.0 KB). Loaded Objects now: 4373.
Memory consumption went from 138.6 MB to 138.4 MB.
Total: 3.565400 ms (FindLiveObjects: 0.300100 ms CreateObjectMapping: 0.275000 ms MarkObjects: 2.877200 ms  DeleteObjects: 0.112300 ms)

AssetImportParameters requested are different than current active one (requested -> active):
  custom:video-decoder-ogg-theora: a1e56fd34408186e4bbccfd4996cb3dc -> 
  custom:container-muxer-webm: aa71ff27fc2769a1b78a27578f13a17b -> 
  custom:container-demuxer-webm: 4f35f7cbe854078d1ac9338744f61a02 -> 
  custom:video-encoder-webm-vp8: eb34c28f22e8b96e1ab97ce403110664 -> 
  custom:audio-encoder-webm-vorbis: bf7c407c2cedff20999df2af8eb42d56 -> 
  custom:framework-win-MediaFoundation: 216162199b28c13a410421893ffa2e32 -> 
  custom:container-demuxer-ogg: 62fdf1f143b41e24485cea50d1cbac27 -> 
  custom:video-decoder-webm-vp8: 9c59270c3fd7afecdb556c50c9e8de78 -> 
  custom:audio-decoder-ogg-vorbis: bf7c407c2cedff20999df2af8eb42d56 -> 
========================================================================
Received Prepare
Registering precompiled user dll's ...
Registered in 0.033845 seconds.
Begin MonoManager ReloadAssembly
Native extension for WindowsStandalone target not found
Refreshing native plugins compatible for Editor in 1.43 ms, found 3 plugins.
Preloading 0 native plugins for Editor in 0.00 ms.
Mono: successfully reloaded assembly
- Completed reload, in  3.068 seconds
Domain Reload Profiling:
	ReloadAssembly (3069ms)
		BeginReloadAssembly (436ms)
			ExecutionOrderSort (0ms)
			DisableScriptedObjects (10ms)
			BackupInstance (0ms)
			ReleaseScriptingObjects (0ms)
			CreateAndSetChildDomain (67ms)
		EndReloadAssembly (2316ms)
			LoadAssemblies (408ms)
			RebuildTransferFunctionScriptingTraits (0ms)
			SetupTypeCache (585ms)
			ReleaseScriptCaches (2ms)
			RebuildScriptCaches (115ms)
			SetupLoadedEditorAssemblies (1004ms)
				LogAssemblyErrors (0ms)
				InitializePlatformSupportModulesInManaged (114ms)
				SetLoadedEditorAssemblies (1ms)
				RefreshPlugins (2ms)
				BeforeProcessingInitializeOnLoad (307ms)
				ProcessInitializeOnLoadAttributes (453ms)
				ProcessInitializeOnLoadMethodAttributes (55ms)
				AfterProcessingInitializeOnLoad (73ms)
				EditorAssembliesLoaded (0ms)
			ExecutionOrderSort2 (0ms)
			AwakeInstancesAfterBackupRestoration (20ms)
Platform modules already initialized, skipping
Refreshing native plugins compatible for Editor in 6.02 ms, found 3 plugins.
Preloading 0 native plugins for Editor in 0.00 ms.
Unloading 3762 Unused Serialized files (Serialized files now loaded: 0)
Unloading 26 unused Assets / (150.0 KB). Loaded Objects now: 4389.
Memory consumption went from 138.6 MB to 138.5 MB.
Total: 4.139000 ms (FindLiveObjects: 0.328500 ms CreateObjectMapping: 0.298900 ms MarkObjects: 3.285900 ms  DeleteObjects: 0.224600 ms)

AssetImportParameters requested are different than current active one (requested -> active):
  custom:video-decoder-ogg-theora: a1e56fd34408186e4bbccfd4996cb3dc -> 
  custom:container-muxer-webm: aa71ff27fc2769a1b78a27578f13a17b -> 
  custom:container-demuxer-webm: 4f35f7cbe854078d1ac9338744f61a02 -> 
  custom:video-encoder-webm-vp8: eb34c28f22e8b96e1ab97ce403110664 -> 
  custom:audio-encoder-webm-vorbis: bf7c407c2cedff20999df2af8eb42d56 -> 
  custom:framework-win-MediaFoundation: 216162199b28c13a410421893ffa2e32 -> 
  custom:container-demuxer-ogg: 62fdf1f143b41e24485cea50d1cbac27 -> 
  custom:video-decoder-webm-vp8: 9c59270c3fd7afecdb556c50c9e8de78 -> 
  custom:audio-decoder-ogg-vorbis: bf7c407c2cedff20999df2af8eb42d56 -> 
========================================================================
Received Prepare
Refreshing native plugins compatible for Editor in 35.86 ms, found 3 plugins.
Preloading 0 native plugins for Editor in 0.00 ms.
Unloading 26 Unused Serialized files (Serialized files now loaded: 0)
Unloading 26 unused Assets / (147.3 KB). Loaded Objects now: 4389.
Memory consumption went from 63.8 MB to 63.6 MB.
Total: 5.158200 ms (FindLiveObjects: 0.365700 ms CreateObjectMapping: 0.333200 ms MarkObjects: 4.253300 ms  DeleteObjects: 0.204900 ms)

AssetImportParameters requested are different than current active one (requested -> active):
  custom:video-decoder-ogg-theora: a1e56fd34408186e4bbccfd4996cb3dc -> 
  custom:container-muxer-webm: aa71ff27fc2769a1b78a27578f13a17b -> 
  custom:container-demuxer-webm: 4f35f7cbe854078d1ac9338744f61a02 -> 
  custom:video-encoder-webm-vp8: eb34c28f22e8b96e1ab97ce403110664 -> 
  custom:audio-encoder-webm-vorbis: bf7c407c2cedff20999df2af8eb42d56 -> 
  custom:framework-win-MediaFoundation: 216162199b28c13a410421893ffa2e32 -> 
  custom:container-demuxer-ogg: 62fdf1f143b41e24485cea50d1cbac27 -> 
  custom:video-decoder-webm-vp8: 9c59270c3fd7afecdb556c50c9e8de78 -> 
  custom:audio-decoder-ogg-vorbis: bf7c407c2cedff20999df2af8eb42d56 -> 
========================================================================
Received Import Request.
  Time since last request: 322.337188 seconds.
  path: Assets/Scenes/StartScene.unity
  artifactKey: Guid(c6c23dc083680434eaa07cc3a21459e6) Importer(815301076,1909f56bfc062723c751e8b465ee728b)
Start importing Assets/Scenes/StartScene.unity using Guid(c6c23dc083680434eaa07cc3a21459e6) Importer(815301076,1909f56bfc062723c751e8b465ee728b)  -> (artifact id: '9c9c885e3d806af1e8ab6e0de863072c') in 0.008494 seconds 
========================================================================
Received Prepare
Registering precompiled user dll's ...
Registered in 0.033220 seconds.
Begin MonoManager ReloadAssembly
Native extension for WindowsStandalone target not found
Refreshing native plugins compatible for Editor in 0.94 ms, found 3 plugins.
Preloading 0 native plugins for Editor in 0.00 ms.
Mono: successfully reloaded assembly
- Completed reload, in  1.809 seconds
Domain Reload Profiling:
	ReloadAssembly (1810ms)
		BeginReloadAssembly (296ms)
			ExecutionOrderSort (0ms)
			DisableScriptedObjects (6ms)
			BackupInstance (0ms)
			ReleaseScriptingObjects (0ms)
			CreateAndSetChildDomain (44ms)
		EndReloadAssembly (1306ms)
			LoadAssemblies (278ms)
			RebuildTransferFunctionScriptingTraits (0ms)
			SetupTypeCache (350ms)
			ReleaseScriptCaches (1ms)
			RebuildScriptCaches (54ms)
			SetupLoadedEditorAssemblies (620ms)
				LogAssemblyErrors (0ms)
				InitializePlatformSupportModulesInManaged (30ms)
				SetLoadedEditorAssemblies (1ms)
				RefreshPlugins (1ms)
				BeforeProcessingInitializeOnLoad (207ms)
				ProcessInitializeOnLoadAttributes (279ms)
				ProcessInitializeOnLoadMethodAttributes (40ms)
				AfterProcessingInitializeOnLoad (58ms)
				EditorAssembliesLoaded (3ms)
			ExecutionOrderSort2 (0ms)
			AwakeInstancesAfterBackupRestoration (16ms)
Platform modules already initialized, skipping
Refreshing native plugins compatible for Editor in 7.69 ms, found 3 plugins.
Preloading 0 native plugins for Editor in 0.00 ms.
Unloading 3762 Unused Serialized files (Serialized files now loaded: 0)
Unloading 26 unused Assets / (150.0 KB). Loaded Objects now: 4405.
Memory consumption went from 138.6 MB to 138.5 MB.
Total: 3.451400 ms (FindLiveObjects: 0.334300 ms CreateObjectMapping: 0.134800 ms MarkObjects: 2.862100 ms  DeleteObjects: 0.119300 ms)

AssetImportParameters requested are different than current active one (requested -> active):
  custom:video-decoder-ogg-theora: a1e56fd34408186e4bbccfd4996cb3dc -> 
  custom:container-muxer-webm: aa71ff27fc2769a1b78a27578f13a17b -> 
  custom:container-demuxer-webm: 4f35f7cbe854078d1ac9338744f61a02 -> 
  custom:video-encoder-webm-vp8: eb34c28f22e8b96e1ab97ce403110664 -> 
  custom:audio-encoder-webm-vorbis: bf7c407c2cedff20999df2af8eb42d56 -> 
  custom:framework-win-MediaFoundation: 216162199b28c13a410421893ffa2e32 -> 
  custom:container-demuxer-ogg: 62fdf1f143b41e24485cea50d1cbac27 -> 
  custom:video-decoder-webm-vp8: 9c59270c3fd7afecdb556c50c9e8de78 -> 
  custom:audio-decoder-ogg-vorbis: bf7c407c2cedff20999df2af8eb42d56 -> 
========================================================================
Received Import Request.
  Time since last request: 94.423667 seconds.
  path: Assets/Scripts/StartScene.cs
  artifactKey: Guid(b1aa4bf2c3dd90b46a505ce6cfce6bc2) Importer(815301076,1909f56bfc062723c751e8b465ee728b)
Start importing Assets/Scripts/StartScene.cs using Guid(b1aa4bf2c3dd90b46a505ce6cfce6bc2) Importer(815301076,1909f56bfc062723c751e8b465ee728b)  -> (artifact id: '6a964a0f2fd64172b2ad913dfe167195') in 0.010163 seconds 
========================================================================
Received Import Request.
  Time since last request: 13.328063 seconds.
  path: Packages/com.unity.collab-proxy/Editor/Collaborate/Assets/Layouts/StartPageView.uxml
  artifactKey: Guid(b25da32608546214ca8e4abbc2025f77) Importer(815301076,1909f56bfc062723c751e8b465ee728b)
Start importing Packages/com.unity.collab-proxy/Editor/Collaborate/Assets/Layouts/StartPageView.uxml using Guid(b25da32608546214ca8e4abbc2025f77) Importer(815301076,1909f56bfc062723c751e8b465ee728b)  -> (artifact id: 'df55311d8da876766dcf9e9567342618') in 0.205278 seconds 
========================================================================
Received Import Request.
  Time since last request: 0.000521 seconds.
  path: Packages/com.unity.collab-proxy/Editor/Collaborate/Assets/Icons/status-error-light@2x.png
  artifactKey: Guid(b99e43bf99b3c954f91bde2ad0c1eac2) Importer(815301076,1909f56bfc062723c751e8b465ee728b)
Start importing Packages/com.unity.collab-proxy/Editor/Collaborate/Assets/Icons/status-error-light@2x.png using Guid(b99e43bf99b3c954f91bde2ad0c1eac2) Importer(815301076,1909f56bfc062723c751e8b465ee728b)  -> (artifact id: 'a633f39294b1fc1a65fa60054ee0e8bb') in 0.222355 seconds 
========================================================================
Received Import Request.
  Time since last request: 0.000027 seconds.
  path: Packages/com.unity.collab-proxy/Editor/Collaborate/Assets/Icons/status-error-light.png
  artifactKey: Guid(8d3ab9b7cb3a1794a891374315d8305a) Importer(815301076,1909f56bfc062723c751e8b465ee728b)
Start importing Packages/com.unity.collab-proxy/Editor/Collaborate/Assets/Icons/status-error-light.png using Guid(8d3ab9b7cb3a1794a891374315d8305a) Importer(815301076,1909f56bfc062723c751e8b465ee728b)  -> (artifact id: '78506ac8b92d29ed46a4d846ab641875') in 0.150482 seconds 
========================================================================
Received Import Request.
  Time since last request: 3.537624 seconds.
  path: Packages/com.unity.timeline/Editor/StyleSheets/Images/DarkSkin/TimelineIconClipIn.png
  artifactKey: Guid(ab1e2f0dfb0df5e40bb95359b3d8ed3a) Importer(815301076,1909f56bfc062723c751e8b465ee728b)
Start importing Packages/com.unity.timeline/Editor/StyleSheets/Images/DarkSkin/TimelineIconClipIn.png using Guid(ab1e2f0dfb0df5e40bb95359b3d8ed3a) Importer(815301076,1909f56bfc062723c751e8b465ee728b)  -> (artifact id: '6962a46f8b7102460c6a9f8b33bc0c10') in 0.024922 seconds 
========================================================================
Received Import Request.
  Time since last request: 0.000136 seconds.
  path: Packages/com.unity.timeline/Editor/StyleSheets/Images/DarkSkin/TimelineIconClipOut.png
  artifactKey: Guid(32f7e3598d6414c489127629e29af3f6) Importer(815301076,1909f56bfc062723c751e8b465ee728b)
Start importing Packages/com.unity.timeline/Editor/StyleSheets/Images/DarkSkin/TimelineIconClipOut.png using Guid(32f7e3598d6414c489127629e29af3f6) Importer(815301076,1909f56bfc062723c751e8b465ee728b)  -> (artifact id: '90a254ef42f5d4c76d166bc598cf1287') in 0.030338 seconds 
========================================================================
Received Prepare
Registering precompiled user dll's ...
Registered in 0.035198 seconds.
Begin MonoManager ReloadAssembly
Native extension for WindowsStandalone target not found
Refreshing native plugins compatible for Editor in 2.06 ms, found 3 plugins.
Preloading 0 native plugins for Editor in 0.00 ms.
Mono: successfully reloaded assembly
- Completed reload, in  3.589 seconds
Domain Reload Profiling:
	ReloadAssembly (3590ms)
		BeginReloadAssembly (737ms)
			ExecutionOrderSort (0ms)
			DisableScriptedObjects (10ms)
			BackupInstance (0ms)
			ReleaseScriptingObjects (0ms)
			CreateAndSetChildDomain (80ms)
		EndReloadAssembly (2333ms)
			LoadAssemblies (694ms)
			RebuildTransferFunctionScriptingTraits (0ms)
			SetupTypeCache (733ms)
			ReleaseScriptCaches (5ms)
			RebuildScriptCaches (98ms)
			SetupLoadedEditorAssemblies (1009ms)
				LogAssemblyErrors (0ms)
				InitializePlatformSupportModulesInManaged (65ms)
				SetLoadedEditorAssemblies (2ms)
				RefreshPlugins (2ms)
				BeforeProcessingInitializeOnLoad (406ms)
				ProcessInitializeOnLoadAttributes (416ms)
				ProcessInitializeOnLoadMethodAttributes (45ms)
				AfterProcessingInitializeOnLoad (73ms)
				EditorAssembliesLoaded (0ms)
			ExecutionOrderSort2 (0ms)
			AwakeInstancesAfterBackupRestoration (17ms)
Platform modules already initialized, skipping
Refreshing native plugins compatible for Editor in 5.87 ms, found 3 plugins.
Preloading 0 native plugins for Editor in 0.00 ms.
Unloading 3762 Unused Serialized files (Serialized files now loaded: 0)
Unloading 26 unused Assets / (150.1 KB). Loaded Objects now: 4424.
Memory consumption went from 138.6 MB to 138.5 MB.
Total: 3.595700 ms (FindLiveObjects: 0.336300 ms CreateObjectMapping: 0.287800 ms MarkObjects: 2.846000 ms  DeleteObjects: 0.124600 ms)

AssetImportParameters requested are different than current active one (requested -> active):
  custom:video-decoder-ogg-theora: a1e56fd34408186e4bbccfd4996cb3dc -> 
  custom:container-muxer-webm: aa71ff27fc2769a1b78a27578f13a17b -> 
  custom:container-demuxer-webm: 4f35f7cbe854078d1ac9338744f61a02 -> 
  custom:video-encoder-webm-vp8: eb34c28f22e8b96e1ab97ce403110664 -> 
  custom:audio-encoder-webm-vorbis: bf7c407c2cedff20999df2af8eb42d56 -> 
  custom:framework-win-MediaFoundation: 216162199b28c13a410421893ffa2e32 -> 
  custom:container-demuxer-ogg: 62fdf1f143b41e24485cea50d1cbac27 -> 
  custom:video-decoder-webm-vp8: 9c59270c3fd7afecdb556c50c9e8de78 -> 
  custom:audio-decoder-ogg-vorbis: bf7c407c2cedff20999df2af8eb42d56 -> 
Editor requested this worker to shutdown with reason: Scaling down because of idle timeout
AssetImportWorkerClient::OnTransportError - code=2 error=End of file
AssetImportWorker is now disconnected from the server
Process exiting
Exiting without the bug reporter. Application will terminate with return code 0